[2016-03-15 07:27:41] local.ERROR: exception 'ErrorException' with message 'Undefined variable: departamentos' in /home/www/sistema.mapasdeguatemala.com/storage/framework/views/8b04a4caab4abebacf824cc9812f0f07:5
Stack trace:
#0 /home/www/sistema.mapasdeguatemala.com/storage/framework/views/8b04a4caab4abebacf824cc9812f0f07(5): Illuminate\Foundation\Bootstrap\HandleExceptions->handleError(8, 'Undefined varia...', '/home/www/siste...', 5, Array)
#1 /home/www/sistema.mapasdeguatemala.com/vendor/compiled.php(14080): include('/home/www/siste...')
#2 /home/www/sistema.mapasdeguatemala.com/vendor/compiled.php(14114): Illuminate\View\Engines\PhpEngine->evaluatePath('/home/www/siste...', Array)
#3 /home/www/sistema.mapasdeguatemala.com/vendor/compiled.php(13951): Illuminate\View\Engines\CompilerEngine->get('/home/www/siste...', Array)
#4 /home/www/sistema.mapasdeguatemala.com/vendor/compiled.php(13938): Illuminate\View\View->getContents()
#5 /home/www/sistema.mapasdeguatemala.com/vendor/compiled.php(13929): Illuminate\View\View->renderContents()
#6 /home/www/sistema.mapasdeguatemala.com/storage/framework/views/25cede26f4a4f334c64b4d039c7f1ead(11): Illuminate\View\View->render()
#7 /home/www/sistema.mapasdeguatemala.com/vendor/compiled.php(14080): include('/home/www/siste...')
#8 /home/www/sistema.mapasdeguatemala.com/vendor/compiled.php(14114): Illuminate\View\Engines\PhpEngine->evaluatePath('/home/www/siste...', Array)
#9 /home/www/sistema.mapasdeguatemala.com/vendor/compiled.php(13951): Illuminate\View\Engines\CompilerEngine->get('/home/www/siste...', Array)
#10 /home/www/sistema.mapasdeguatemala.com/vendor/compiled.php(13938): Illuminate\View\View->getContents()
#11 /home/www/sistema.mapasdeguatemala.com/vendor/compiled.php(13929): Illuminate\View\View->renderContents()
#12 /home/www/sistema.mapasdeguatemala.com/vendor/compiled.php(15034): Illuminate\View\View->render()
#13 /home/www/sistema.mapasdeguatemala.com/vendor/compiled.php(14560): Illuminate\Http\Response->setContent(Object(Illuminate\View\View))
#14 /home/www/sistema.mapasdeguatemala.com/vendor/compiled.php(7419): Symfony\Component\HttpFoundation\Response->__construct(Object(Illuminate\View\View))
#15 /home/www/sistema.mapasdeguatemala.com/vendor/compiled.php(7219): Illuminate\Routing\Router->prepareResponse(Object(Illuminate\Http\Request), Object(Illuminate\View\View))
#16 [internal function]: Illuminate\Routing\Router->Illuminate\Routing\{closure}(Object(Illuminate\Http\Request))
#17 /home/www/sistema.mapasdeguatemala.com/vendor/compiled.php(9244): call_user_func(Object(Closure), Object(Illuminate\Http\Request))
#18 [internal function]: Illuminate\Pipeline\Pipeline->Illuminate\Pipeline\{closure}(Object(Illuminate\Http\Request))
#19 /home/www/sistema.mapasdeguatemala.com/vendor/compiled.php(9227): call_user_func(Object(Closure), Object(Illuminate\Http\Request))
#20 /home/www/sistema.mapasdeguatemala.com/vendor/compiled.php(7220): Illuminate\Pipeline\Pipeline->then(Object(Closure))
#21 /home/www/sistema.mapasdeguatemala.com/vendor/compiled.php(7209): Illuminate\Routing\Router->runRouteWithinStack(Object(Illuminate\Routing\Route), Object(Illuminate\Http\Request))
#22 /home/www/sistema.mapasdeguatemala.com/vendor/compiled.php(7194): Illuminate\Routing\Router->dispatchToRoute(Object(Illuminate\Http\Request))
#23 /home/www/sistema.mapasdeguatemala.com/vendor/compiled.php(2040): Illuminate\Routing\Router->dispatch(Object(Illuminate\Http\Request))
#24 [internal function]: Illuminate\Foundation\Http\Kernel->Illuminate\Foundation\Http\{closure}(Object(Illuminate\Http\Request))
#25 /home/www/sistema.mapasdeguatemala.com/vendor/compiled.php(9244): call_user_func(Object(Closure), Object(Illuminate\Http\Request))
#26 /home/www/sistema.mapasdeguatemala.com/vendor/compiled.php(2548): Illuminate\Pipeline\Pipeline->Illuminate\Pipeline\{closure}(Object(Illuminate\Http\Request))
#27 /home/www/sistema.mapasdeguatemala.com/app/Http/Middleware/VerifyCsrfToken.php(17): Illuminate\Foundation\Http\Middleware\VerifyCsrfToken->handle(Object(Illuminate\Http\Request), Object(Closure))
#28 /home/www/sistema.mapasdeguatemala.com/vendor/compiled.php(9236): App\Http\Middleware\VerifyCsrfToken->handle(Object(Illuminate\Http\Request), Object(Closure))
#29 /home/www/sistema.mapasdeguatemala.com/vendor/compiled.php(12416): Illuminate\Pipeline\Pipeline->Illuminate\Pipeline\{closure}(Object(Illuminate\Http\Request))
#30 /home/www/sistema.mapasdeguatemala.com/vendor/compiled.php(9236): Illuminate\View\Middleware\ShareErrorsFromSession->handle(Object(Illuminate\Http\Request), Object(Closure))
#31 /home/www/sistema.mapasdeguatemala.com/vendor/compiled.php(11106): Illuminate\Pipeline\Pipeline->Illuminate\Pipeline\{closure}(Object(Illuminate\Http\Request))
#32 /home/www/sistema.mapasdeguatemala.com/vendor/compiled.php(9236): Illuminate\Session\Middleware\StartSession->handle(Object(Illuminate\Http\Request), Object(Closure))
#33 /home/www/sistema.mapasdeguatemala.com/vendor/compiled.php(12118): Illuminate\Pipeline\Pipeline->Illuminate\Pipeline\{closure}(Object(Illuminate\Http\Request))
#34 /home/www/sistema.mapasdeguatemala.com/vendor/compiled.php(9236): Illuminate\Cookie\Middleware\AddQueuedCookiesToResponse->handle(Object(Illuminate\Http\Request), Object(Closure))
#35 /home/www/sistema.mapasdeguatemala.com/vendor/compiled.php(12066): Illuminate\Pipeline\Pipeline->Illuminate\Pipeline\{closure}(Object(Illuminate\Http\Request))
#36 /home/www/sistema.mapasdeguatemala.com/vendor/compiled.php(9236): Illuminate\Cookie\Middleware\EncryptCookies->handle(Object(Illuminate\Http\Request), Object(Closure))
#37 /home/www/sistema.mapasdeguatemala.com/vendor/compiled.php(2589): Illuminate\Pipeline\Pipeline->Illuminate\Pipeline\{closure}(Object(Illuminate\Http\Request))
#38 /home/www/sistema.mapasdeguatemala.com/vendor/compiled.php(9236): Illuminate\Foundation\Http\Middleware\CheckForMaintenanceMode->handle(Object(Illuminate\Http\Request), Object(Closure))
#39 [internal function]: Illuminate\Pipeline\Pipeline->Illuminate\Pipeline\{closure}(Object(Illuminate\Http\Request))
#40 /home/www/sistema.mapasdeguatemala.com/vendor/compiled.php(9227): call_user_func(Object(Closure), Object(Illuminate\Http\Request))
#41 /home/www/sistema.mapasdeguatemala.com/vendor/compiled.php(1996): Illuminate\Pipeline\Pipeline->then(Object(Closure))
#42 /home/www/sistema.mapasdeguatemala.com/vendor/compiled.php(1983): Illuminate\Foundation\Http\Kernel->sendRequestThroughRouter(Object(Illuminate\Http\Request))
#43 /home/www/sistema.mapasdeguatemala.com/public/index.php(55): Illuminate\Foundation\Http\Kernel->handle(Object(Illuminate\Http\Request))
#44 {main}

Next exception 'ErrorException' with message 'Undefined variable: departamentos (View: /home/www/sistema.mapasdeguatemala.com/resources/views/municipios/fields.blade.php)' in /home/www/sistema.mapasdeguatemala.com/storage/framework/views/8b04a4caab4abebacf824cc9812f0f07:5
Stack trace:
#0 /home/www/sistema.mapasdeguatemala.com/vendor/compiled.php(14082): Illuminate\View\Engines\CompilerEngine->handleViewException(Object(ErrorException), 1)
#1 /home/www/sistema.mapasdeguatemala.com/vendor/compiled.php(14114): Illuminate\View\Engines\PhpEngine->evaluatePath('/home/www/siste...', Array)
#2 /home/www/sistema.mapasdeguatemala.com/vendor/compiled.php(13951): Illuminate\View\Engines\CompilerEngine->get('/home/www/siste...', Array)
#3 /home/www/sistema.mapasdeguatemala.com/vendor/compiled.php(13938): Illuminate\View\View->getContents()
#4 /home/www/sistema.mapasdeguatemala.com/vendor/compiled.php(13929): Illuminate\View\View->renderContents()
#5 /home/www/sistema.mapasdeguatemala.com/storage/framework/views/25cede26f4a4f334c64b4d039c7f1ead(11): Illuminate\View\View->render()
#6 /home/www/sistema.mapasdeguatemala.com/vendor/compiled.php(14080): include('/home/www/siste...')
#7 /home/www/sistema.mapasdeguatemala.com/vendor/compiled.php(14114): Illuminate\View\Engines\PhpEngine->evaluatePath('/home/www/siste...', Array)
#8 /home/www/sistema.mapasdeguatemala.com/vendor/compiled.php(13951): Illuminate\View\Engines\CompilerEngine->get('/home/www/siste...', Array)
#9 /home/www/sistema.mapasdeguatemala.com/vendor/compiled.php(13938): Illuminate\View\View->getContents()
#10 /home/www/sistema.mapasdeguatemala.com/vendor/compiled.php(13929): Illuminate\View\View->renderContents()
#11 /home/www/sistema.mapasdeguatemala.com/vendor/compiled.php(15034): Illuminate\View\View->render()
#12 /home/www/sistema.mapasdeguatemala.com/vendor/compiled.php(14560): Illuminate\Http\Response->setContent(Object(Illuminate\View\View))
#13 /home/www/sistema.mapasdeguatemala.com/vendor/compiled.php(7419): Symfony\Component\HttpFoundation\Response->__construct(Object(Illuminate\View\View))
#14 /home/www/sistema.mapasdeguatemala.com/vendor/compiled.php(7219): Illuminate\Routing\Router->prepareResponse(Object(Illuminate\Http\Request), Object(Illuminate\View\View))
#15 [internal function]: Illuminate\Routing\Router->Illuminate\Routing\{closure}(Object(Illuminate\Http\Request))
#16 /home/www/sistema.mapasdeguatemala.com/vendor/compiled.php(9244): call_user_func(Object(Closure), Object(Illuminate\Http\Request))
#17 [internal function]: Illuminate\Pipeline\Pipeline->Illuminate\Pipeline\{closure}(Object(Illuminate\Http\Request))
#18 /home/www/sistema.mapasdeguatemala.com/vendor/compiled.php(9227): call_user_func(Object(Closure), Object(Illuminate\Http\Request))
#19 /home/www/sistema.mapasdeguatemala.com/vendor/compiled.php(7220): Illuminate\Pipeline\Pipeline->then(Object(Closure))
#20 /home/www/sistema.mapasdeguatemala.com/vendor/compiled.php(7209): Illuminate\Routing\Router->runRouteWithinStack(Object(Illuminate\Routing\Route), Object(Illuminate\Http\Request))
#21 /home/www/sistema.mapasdeguatemala.com/vendor/compiled.php(7194): Illuminate\Routing\Router->dispatchToRoute(Object(Illuminate\Http\Request))
#22 /home/www/sistema.mapasdeguatemala.com/vendor/compiled.php(2040): Illuminate\Routing\Router->dispatch(Object(Illuminate\Http\Request))
#23 [internal function]: Illuminate\Foundation\Http\Kernel->Illuminate\Foundation\Http\{closure}(Object(Illuminate\Http\Request))
#24 /home/www/sistema.mapasdeguatemala.com/vendor/compiled.php(9244): call_user_func(Object(Closure), Object(Illuminate\Http\Request))
#25 /home/www/sistema.mapasdeguatemala.com/vendor/compiled.php(2548): Illuminate\Pipeline\Pipeline->Illuminate\Pipeline\{closure}(Object(Illuminate\Http\Request))
#26 /home/www/sistema.mapasdeguatemala.com/app/Http/Middleware/VerifyCsrfToken.php(17): Illuminate\Foundation\Http\Middleware\VerifyCsrfToken->handle(Object(Illuminate\Http\Request), Object(Closure))
#27 /home/www/sistema.mapasdeguatemala.com/vendor/compiled.php(9236): App\Http\Middleware\VerifyCsrfToken->handle(Object(Illuminate\Http\Request), Object(Closure))
#28 /home/www/sistema.mapasdeguatemala.com/vendor/compiled.php(12416): Illuminate\Pipeline\Pipeline->Illuminate\Pipeline\{closure}(Object(Illuminate\Http\Request))
#29 /home/www/sistema.mapasdeguatemala.com/vendor/compiled.php(9236): Illuminate\View\Middleware\ShareErrorsFromSession->handle(Object(Illuminate\Http\Request), Object(Closure))
#30 /home/www/sistema.mapasdeguatemala.com/vendor/compiled.php(11106): Illuminate\Pipeline\Pipeline->Illuminate\Pipeline\{closure}(Object(Illuminate\Http\Request))
#31 /home/www/sistema.mapasdeguatemala.com/vendor/compiled.php(9236): Illuminate\Session\Middleware\StartSession->handle(Object(Illuminate\Http\Request), Object(Closure))
#32 /home/www/sistema.mapasdeguatemala.com/vendor/compiled.php(12118): Illuminate\Pipeline\Pipeline->Illuminate\Pipeline\{closure}(Object(Illuminate\Http\Request))
#33 /home/www/sistema.mapasdeguatemala.com/vendor/compiled.php(9236): Illuminate\Cookie\Middleware\AddQueuedCookiesToResponse->handle(Object(Illuminate\Http\Request), Object(Closure))
#34 /home/www/sistema.mapasdeguatemala.com/vendor/compiled.php(12066): Illuminate\Pipeline\Pipeline->Illuminate\Pipeline\{closure}(Object(Illuminate\Http\Request))
#35 /home/www/sistema.mapasdeguatemala.com/vendor/compiled.php(9236): Illuminate\Cookie\Middleware\EncryptCookies->handle(Object(Illuminate\Http\Request), Object(Closure))
#36 /home/www/sistema.mapasdeguatemala.com/vendor/compiled.php(2589): Illuminate\Pipeline\Pipeline->Illuminate\Pipeline\{closure}(Object(Illuminate\Http\Request))
#37 /home/www/sistema.mapasdeguatemala.com/vendor/compiled.php(9236): Illuminate\Foundation\Http\Middleware\CheckForMaintenanceMode->handle(Object(Illuminate\Http\Request), Object(Closure))
#38 [internal function]: Illuminate\Pipeline\Pipeline->Illuminate\Pipeline\{closure}(Object(Illuminate\Http\Request))
#39 /home/www/sistema.mapasdeguatemala.com/vendor/compiled.php(9227): call_user_func(Object(Closure), Object(Illuminate\Http\Request))
#40 /home/www/sistema.mapasdeguatemala.com/vendor/compiled.php(1996): Illuminate\Pipeline\Pipeline->then(Object(Closure))
#41 /home/www/sistema.mapasdeguatemala.com/vendor/compiled.php(1983): Illuminate\Foundation\Http\Kernel->sendRequestThroughRouter(Object(Illuminate\Http\Request))
#42 /home/www/sistema.mapasdeguatemala.com/public/index.php(55): Illuminate\Foundation\Http\Kernel->handle(Object(Illuminate\Http\Request))
#43 {main}

Next exception 'ErrorException' with message 'Undefined variable: departamentos (View: /home/www/sistema.mapasdeguatemala.com/resources/views/municipios/fields.blade.php) (View: /home/www/sistema.mapasdeguatemala.com/resources/views/municipios/fields.blade.php)' in /home/www/sistema.mapasdeguatemala.com/storage/framework/views/8b04a4caab4abebacf824cc9812f0f07:5
Stack trace:
#0 /home/www/sistema.mapasdeguatemala.com/vendor/compiled.php(14082): Illuminate\View\Engines\CompilerEngine->handleViewException(Object(ErrorException), 1)
#1 /home/www/sistema.mapasdeguatemala.com/vendor/compiled.php(14114): Illuminate\View\Engines\PhpEngine->evaluatePath('/home/www/siste...', Array)
#2 /home/www/sistema.mapasdeguatemala.com/vendor/compiled.php(13951): Illuminate\View\Engines\CompilerEngine->get('/home/www/siste...', Array)
#3 /home/www/sistema.mapasdeguatemala.com/vendor/compiled.php(13938): Illuminate\View\View->getContents()
#4 /home/www/sistema.mapasdeguatemala.com/vendor/compiled.php(13929): Illuminate\View\View->renderContents()
#5 /home/www/sistema.mapasdeguatemala.com/vendor/compiled.php(15034): Illuminate\View\View->render()
#6 /home/www/sistema.mapasdeguatemala.com/vendor/compiled.php(14560): Illuminate\Http\Response->setContent(Object(Illuminate\View\View))
#7 /home/www/sistema.mapasdeguatemala.com/vendor/compiled.php(7419): Symfony\Component\HttpFoundation\Response->__construct(Object(Illuminate\View\View))
#8 /home/www/sistema.mapasdeguatemala.com/vendor/compiled.php(7219): Illuminate\Routing\Router->prepareResponse(Object(Illuminate\Http\Request), Object(Illuminate\View\View))
#9 [internal function]: Illuminate\Routing\Router->Illuminate\Routing\{closure}(Object(Illuminate\Http\Request))
#10 /home/www/sistema.mapasdeguatemala.com/vendor/compiled.php(9244): call_user_func(Object(Closure), Object(Illuminate\Http\Request))
#11 [internal function]: Illuminate\Pipeline\Pipeline->Illuminate\Pipeline\{closure}(Object(Illuminate\Http\Request))
#12 /home/www/sistema.mapasdeguatemala.com/vendor/compiled.php(9227): call_user_func(Object(Closure), Object(Illuminate\Http\Request))
#13 /home/www/sistema.mapasdeguatemala.com/vendor/compiled.php(7220): Illuminate\Pipeline\Pipeline->then(Object(Closure))
#14 /home/www/sistema.mapasdeguatemala.com/vendor/compiled.php(7209): Illuminate\Routing\Router->runRouteWithinStack(Object(Illuminate\Routing\Route), Object(Illuminate\Http\Request))
#15 /home/www/sistema.mapasdeguatemala.com/vendor/compiled.php(7194): Illuminate\Routing\Router->dispatchToRoute(Object(Illuminate\Http\Request))
#16 /home/www/sistema.mapasdeguatemala.com/vendor/compiled.php(2040): Illuminate\Routing\Router->dispatch(Object(Illuminate\Http\Request))
#17 [internal function]: Illuminate\Foundation\Http\Kernel->Illuminate\Foundation\Http\{closure}(Object(Illuminate\Http\Request))
#18 /home/www/sistema.mapasdeguatemala.com/vendor/compiled.php(9244): call_user_func(Object(Closure), Object(Illuminate\Http\Request))
#19 /home/www/sistema.mapasdeguatemala.com/vendor/compiled.php(2548): Illuminate\Pipeline\Pipeline->Illuminate\Pipeline\{closure}(Object(Illuminate\Http\Request))
#20 /home/www/sistema.mapasdeguatemala.com/app/Http/Middleware/VerifyCsrfToken.php(17): Illuminate\Foundation\Http\Middleware\VerifyCsrfToken->handle(Object(Illuminate\Http\Request), Object(Closure))
#21 /home/www/sistema.mapasdeguatemala.com/vendor/compiled.php(9236): App\Http\Middleware\VerifyCsrfToken->handle(Object(Illuminate\Http\Request), Object(Closure))
#22 /home/www/sistema.mapasdeguatemala.com/vendor/compiled.php(12416): Illuminate\Pipeline\Pipeline->Illuminate\Pipeline\{closure}(Object(Illuminate\Http\Request))
#23 /home/www/sistema.mapasdeguatemala.com/vendor/compiled.php(9236): Illuminate\View\Middleware\ShareErrorsFromSession->handle(Object(Illuminate\Http\Request), Object(Closure))
#24 /home/www/sistema.mapasdeguatemala.com/vendor/compiled.php(11106): Illuminate\Pipeline\Pipeline->Illuminate\Pipeline\{closure}(Object(Illuminate\Http\Request))
#25 /home/www/sistema.mapasdeguatemala.com/vendor/compiled.php(9236): Illuminate\Session\Middleware\StartSession->handle(Object(Illuminate\Http\Request), Object(Closure))
#26 /home/www/sistema.mapasdeguatemala.com/vendor/compiled.php(12118): Illuminate\Pipeline\Pipeline->Illuminate\Pipeline\{closure}(Object(Illuminate\Http\Request))
#27 /home/www/sistema.mapasdeguatemala.com/vendor/compiled.php(9236): Illuminate\Cookie\Middleware\AddQueuedCookiesToResponse->handle(Object(Illuminate\Http\Request), Object(Closure))
#28 /home/www/sistema.mapasdeguatemala.com/vendor/compiled.php(12066): Illuminate\Pipeline\Pipeline->Illuminate\Pipeline\{closure}(Object(Illuminate\Http\Request))
#29 /home/www/sistema.mapasdeguatemala.com/vendor/compiled.php(9236): Illuminate\Cookie\Middleware\EncryptCookies->handle(Object(Illuminate\Http\Request), Object(Closure))
#30 /home/www/sistema.mapasdeguatemala.com/vendor/compiled.php(2589): Illuminate\Pipeline\Pipeline->Illuminate\Pipeline\{closure}(Object(Illuminate\Http\Request))
#31 /home/www/sistema.mapasdeguatemala.com/vendor/compiled.php(9236): Illuminate\Foundation\Http\Middleware\CheckForMaintenanceMode->handle(Object(Illuminate\Http\Request), Object(Closure))
#32 [internal function]: Illuminate\Pipeline\Pipeline->Illuminate\Pipeline\{closure}(Object(Illuminate\Http\Request))
#33 /home/www/sistema.mapasdeguatemala.com/vendor/compiled.php(9227): call_user_func(Object(Closure), Object(Illuminate\Http\Request))
#34 /home/www/sistema.mapasdeguatemala.com/vendor/compiled.php(1996): Illuminate\Pipeline\Pipeline->then(Object(Closure))
#35 /home/www/sistema.mapasdeguatemala.com/vendor/compiled.php(1983): Illuminate\Foundation\Http\Kernel->sendRequestThroughRouter(Object(Illuminate\Http\Request))
#36 /home/www/sistema.mapasdeguatemala.com/public/index.php(55): Illuminate\Foundation\Http\Kernel->handle(Object(Illuminate\Http\Request))
#37 {main}  
