[2016-03-14 22:32:43] local.ERROR: exception 'Symfony\Component\HttpFoundation\File\Exception\FileException' with message 'Unable to write in the "images/upload/mapas/" directory' in /home/www/sistema.mapasdeguatemala.com/vendor/symfony/http-foundation/Symfony/Component/HttpFoundation/File/File.php:137
Stack trace:
#0 /home/www/sistema.mapasdeguatemala.com/vendor/symfony/http-foundation/Symfony/Component/HttpFoundation/File/UploadedFile.php(239): Symfony\Component\HttpFoundation\File\File->getTargetFile('images/upload/m...', 'guatemalaciudad...')
#1 /home/www/sistema.mapasdeguatemala.com/app/Http/Controllers/mapaslugaresController.php(77): Symfony\Component\HttpFoundation\File\UploadedFile->move('images/upload/m...', 'guatemalaciudad...')
#2 [internal function]: App\Http\Controllers\mapaslugaresController->store(Object(App\Http\Requests\CreatemapaslugaresRequest))
#3 /home/www/sistema.mapasdeguatemala.com/vendor/compiled.php(8558): call_user_func_array(Array, Array)
#4 /home/www/sistema.mapasdeguatemala.com/vendor/compiled.php(8626): Illuminate\Routing\Controller->callAction('store', Array)
#5 /home/www/sistema.mapasdeguatemala.com/vendor/compiled.php(8605): Illuminate\Routing\ControllerDispatcher->call(Object(App\Http\Controllers\mapaslugaresController), Object(Illuminate\Routing\Route), 'store')
#6 [internal function]: Illuminate\Routing\ControllerDispatcher->Illuminate\Routing\{closure}(Object(Illuminate\Http\Request))
#7 /home/www/sistema.mapasdeguatemala.com/vendor/compiled.php(9244): call_user_func(Object(Closure), Object(Illuminate\Http\Request))
#8 [internal function]: Illuminate\Pipeline\Pipeline->Illuminate\Pipeline\{closure}(Object(Illuminate\Http\Request))
#9 /home/www/sistema.mapasdeguatemala.com/vendor/compiled.php(9227): call_user_func(Object(Closure), Object(Illuminate\Http\Request))
#10 /home/www/sistema.mapasdeguatemala.com/vendor/compiled.php(8606): Illuminate\Pipeline\Pipeline->then(Object(Closure))
#11 /home/www/sistema.mapasdeguatemala.com/vendor/compiled.php(8592): Illuminate\Routing\ControllerDispatcher->callWithinStack(Object(App\Http\Controllers\mapaslugaresController), Object(Illuminate\Routing\Route), Object(Illuminate\Http\Request), 'store')
#12 /home/www/sistema.mapasdeguatemala.com/vendor/compiled.php(7583): Illuminate\Routing\ControllerDispatcher->dispatch(Object(Illuminate\Routing\Route), Object(Illuminate\Http\Request), 'App\\Http\\Contro...', 'store')
#13 /home/www/sistema.mapasdeguatemala.com/vendor/compiled.php(7554): Illuminate\Routing\Route->runWithCustomDispatcher(Object(Illuminate\Http\Request))
#14 /home/www/sistema.mapasdeguatemala.com/vendor/compiled.php(7219): Illuminate\Routing\Route->run(Object(Illuminate\Http\Request))
#15 [internal function]: Illuminate\Routing\Router->Illuminate\Routing\{closure}(Object(Illuminate\Http\Request))
#16 /home/www/sistema.mapasdeguatemala.com/vendor/compiled.php(9244): call_user_func(Object(Closure), Object(Illuminate\Http\Request))
#17 [internal function]: Illuminate\Pipeline\Pipeline->Illuminate\Pipeline\{closure}(Object(Illuminate\Http\Request))
#18 /home/www/sistema.mapasdeguatemala.com/vendor/compiled.php(9227): call_user_func(Object(Closure), Object(Illuminate\Http\Request))
#19 /home/www/sistema.mapasdeguatemala.com/vendor/compiled.php(7220): Illuminate\Pipeline\Pipeline->then(Object(Closure))
#20 /home/www/sistema.mapasdeguatemala.com/vendor/compiled.php(7209): Illuminate\Routing\Router->runRouteWithinStack(Object(Illuminate\Routing\Route), Object(Illuminate\Http\Request))
#21 /home/www/sistema.mapasdeguatemala.com/vendor/compiled.php(7194): Illuminate\Routing\Router->dispatchToRoute(Object(Illuminate\Http\Request))
#22 /home/www/sistema.mapasdeguatemala.com/vendor/compiled.php(2040): Illuminate\Routing\Router->dispatch(Object(Illuminate\Http\Request))
#23 [internal function]: Illuminate\Foundation\Http\Kernel->Illuminate\Foundation\Http\{closure}(Object(Illuminate\Http\Request))
#24 /home/www/sistema.mapasdeguatemala.com/vendor/compiled.php(9244): call_user_func(Object(Closure), Object(Illuminate\Http\Request))
#25 /home/www/sistema.mapasdeguatemala.com/vendor/compiled.php(2548): Illuminate\Pipeline\Pipeline->Illuminate\Pipeline\{closure}(Object(Illuminate\Http\Request))
#26 /home/www/sistema.mapasdeguatemala.com/app/Http/Middleware/VerifyCsrfToken.php(17): Illuminate\Foundation\Http\Middleware\VerifyCsrfToken->handle(Object(Illuminate\Http\Request), Object(Closure))
#27 /home/www/sistema.mapasdeguatemala.com/vendor/compiled.php(9236): App\Http\Middleware\VerifyCsrfToken->handle(Object(Illuminate\Http\Request), Object(Closure))
#28 /home/www/sistema.mapasdeguatemala.com/vendor/compiled.php(12416): Illuminate\Pipeline\Pipeline->Illuminate\Pipeline\{closure}(Object(Illuminate\Http\Request))
#29 /home/www/sistema.mapasdeguatemala.com/vendor/compiled.php(9236): Illuminate\View\Middleware\ShareErrorsFromSession->handle(Object(Illuminate\Http\Request), Object(Closure))
#30 /home/www/sistema.mapasdeguatemala.com/vendor/compiled.php(11106): Illuminate\Pipeline\Pipeline->Illuminate\Pipeline\{closure}(Object(Illuminate\Http\Request))
#31 /home/www/sistema.mapasdeguatemala.com/vendor/compiled.php(9236): Illuminate\Session\Middleware\StartSession->handle(Object(Illuminate\Http\Request), Object(Closure))
#32 /home/www/sistema.mapasdeguatemala.com/vendor/compiled.php(12118): Illuminate\Pipeline\Pipeline->Illuminate\Pipeline\{closure}(Object(Illuminate\Http\Request))
#33 /home/www/sistema.mapasdeguatemala.com/vendor/compiled.php(9236): Illuminate\Cookie\Middleware\AddQueuedCookiesToResponse->handle(Object(Illuminate\Http\Request), Object(Closure))
#34 /home/www/sistema.mapasdeguatemala.com/vendor/compiled.php(12066): Illuminate\Pipeline\Pipeline->Illuminate\Pipeline\{closure}(Object(Illuminate\Http\Request))
#35 /home/www/sistema.mapasdeguatemala.com/vendor/compiled.php(9236): Illuminate\Cookie\Middleware\EncryptCookies->handle(Object(Illuminate\Http\Request), Object(Closure))
#36 /home/www/sistema.mapasdeguatemala.com/vendor/compiled.php(2589): Illuminate\Pipeline\Pipeline->Illuminate\Pipeline\{closure}(Object(Illuminate\Http\Request))
#37 /home/www/sistema.mapasdeguatemala.com/vendor/compiled.php(9236): Illuminate\Foundation\Http\Middleware\CheckForMaintenanceMode->handle(Object(Illuminate\Http\Request), Object(Closure))
#38 [internal function]: Illuminate\Pipeline\Pipeline->Illuminate\Pipeline\{closure}(Object(Illuminate\Http\Request))
#39 /home/www/sistema.mapasdeguatemala.com/vendor/compiled.php(9227): call_user_func(Object(Closure), Object(Illuminate\Http\Request))
#40 /home/www/sistema.mapasdeguatemala.com/vendor/compiled.php(1996): Illuminate\Pipeline\Pipeline->then(Object(Closure))
#41 /home/www/sistema.mapasdeguatemala.com/vendor/compiled.php(1983): Illuminate\Foundation\Http\Kernel->sendRequestThroughRouter(Object(Illuminate\Http\Request))
#42 /home/www/sistema.mapasdeguatemala.com/public/index.php(55): Illuminate\Foundation\Http\Kernel->handle(Object(Illuminate\Http\Request))
#43 {main}  
[2016-03-14 22:34:22] local.ERROR: exception 'Symfony\Component\HttpFoundation\File\Exception\FileException' with message 'Unable to write in the "images/upload/mapas/" directory' in /home/www/sistema.mapasdeguatemala.com/vendor/symfony/http-foundation/Symfony/Component/HttpFoundation/File/File.php:137
Stack trace:
#0 /home/www/sistema.mapasdeguatemala.com/vendor/symfony/http-foundation/Symfony/Component/HttpFoundation/File/UploadedFile.php(239): Symfony\Component\HttpFoundation\File\File->getTargetFile('images/upload/m...', 'izabal.jpg')
#1 /home/www/sistema.mapasdeguatemala.com/app/Http/Controllers/mapaslugaresController.php(77): Symfony\Component\HttpFoundation\File\UploadedFile->move('images/upload/m...', 'izabal.jpg')
#2 [internal function]: App\Http\Controllers\mapaslugaresController->store(Object(App\Http\Requests\CreatemapaslugaresRequest))
#3 /home/www/sistema.mapasdeguatemala.com/vendor/compiled.php(8558): call_user_func_array(Array, Array)
#4 /home/www/sistema.mapasdeguatemala.com/vendor/compiled.php(8626): Illuminate\Routing\Controller->callAction('store', Array)
#5 /home/www/sistema.mapasdeguatemala.com/vendor/compiled.php(8605): Illuminate\Routing\ControllerDispatcher->call(Object(App\Http\Controllers\mapaslugaresController), Object(Illuminate\Routing\Route), 'store')
#6 [internal function]: Illuminate\Routing\ControllerDispatcher->Illuminate\Routing\{closure}(Object(Illuminate\Http\Request))
#7 /home/www/sistema.mapasdeguatemala.com/vendor/compiled.php(9244): call_user_func(Object(Closure), Object(Illuminate\Http\Request))
#8 [internal function]: Illuminate\Pipeline\Pipeline->Illuminate\Pipeline\{closure}(Object(Illuminate\Http\Request))
#9 /home/www/sistema.mapasdeguatemala.com/vendor/compiled.php(9227): call_user_func(Object(Closure), Object(Illuminate\Http\Request))
#10 /home/www/sistema.mapasdeguatemala.com/vendor/compiled.php(8606): Illuminate\Pipeline\Pipeline->then(Object(Closure))
#11 /home/www/sistema.mapasdeguatemala.com/vendor/compiled.php(8592): Illuminate\Routing\ControllerDispatcher->callWithinStack(Object(App\Http\Controllers\mapaslugaresController), Object(Illuminate\Routing\Route), Object(Illuminate\Http\Request), 'store')
#12 /home/www/sistema.mapasdeguatemala.com/vendor/compiled.php(7583): Illuminate\Routing\ControllerDispatcher->dispatch(Object(Illuminate\Routing\Route), Object(Illuminate\Http\Request), 'App\\Http\\Contro...', 'store')
#13 /home/www/sistema.mapasdeguatemala.com/vendor/compiled.php(7554): Illuminate\Routing\Route->runWithCustomDispatcher(Object(Illuminate\Http\Request))
#14 /home/www/sistema.mapasdeguatemala.com/vendor/compiled.php(7219): Illuminate\Routing\Route->run(Object(Illuminate\Http\Request))
#15 [internal function]: Illuminate\Routing\Router->Illuminate\Routing\{closure}(Object(Illuminate\Http\Request))
#16 /home/www/sistema.mapasdeguatemala.com/vendor/compiled.php(9244): call_user_func(Object(Closure), Object(Illuminate\Http\Request))
#17 [internal function]: Illuminate\Pipeline\Pipeline->Illuminate\Pipeline\{closure}(Object(Illuminate\Http\Request))
#18 /home/www/sistema.mapasdeguatemala.com/vendor/compiled.php(9227): call_user_func(Object(Closure), Object(Illuminate\Http\Request))
#19 /home/www/sistema.mapasdeguatemala.com/vendor/compiled.php(7220): Illuminate\Pipeline\Pipeline->then(Object(Closure))
#20 /home/www/sistema.mapasdeguatemala.com/vendor/compiled.php(7209): Illuminate\Routing\Router->runRouteWithinStack(Object(Illuminate\Routing\Route), Object(Illuminate\Http\Request))
#21 /home/www/sistema.mapasdeguatemala.com/vendor/compiled.php(7194): Illuminate\Routing\Router->dispatchToRoute(Object(Illuminate\Http\Request))
#22 /home/www/sistema.mapasdeguatemala.com/vendor/compiled.php(2040): Illuminate\Routing\Router->dispatch(Object(Illuminate\Http\Request))
#23 [internal function]: Illuminate\Foundation\Http\Kernel->Illuminate\Foundation\Http\{closure}(Object(Illuminate\Http\Request))
#24 /home/www/sistema.mapasdeguatemala.com/vendor/compiled.php(9244): call_user_func(Object(Closure), Object(Illuminate\Http\Request))
#25 /home/www/sistema.mapasdeguatemala.com/vendor/compiled.php(2548): Illuminate\Pipeline\Pipeline->Illuminate\Pipeline\{closure}(Object(Illuminate\Http\Request))
#26 /home/www/sistema.mapasdeguatemala.com/app/Http/Middleware/VerifyCsrfToken.php(17): Illuminate\Foundation\Http\Middleware\VerifyCsrfToken->handle(Object(Illuminate\Http\Request), Object(Closure))
#27 /home/www/sistema.mapasdeguatemala.com/vendor/compiled.php(9236): App\Http\Middleware\VerifyCsrfToken->handle(Object(Illuminate\Http\Request), Object(Closure))
#28 /home/www/sistema.mapasdeguatemala.com/vendor/compiled.php(12416): Illuminate\Pipeline\Pipeline->Illuminate\Pipeline\{closure}(Object(Illuminate\Http\Request))
#29 /home/www/sistema.mapasdeguatemala.com/vendor/compiled.php(9236): Illuminate\View\Middleware\ShareErrorsFromSession->handle(Object(Illuminate\Http\Request), Object(Closure))
#30 /home/www/sistema.mapasdeguatemala.com/vendor/compiled.php(11106): Illuminate\Pipeline\Pipeline->Illuminate\Pipeline\{closure}(Object(Illuminate\Http\Request))
#31 /home/www/sistema.mapasdeguatemala.com/vendor/compiled.php(9236): Illuminate\Session\Middleware\StartSession->handle(Object(Illuminate\Http\Request), Object(Closure))
#32 /home/www/sistema.mapasdeguatemala.com/vendor/compiled.php(12118): Illuminate\Pipeline\Pipeline->Illuminate\Pipeline\{closure}(Object(Illuminate\Http\Request))
#33 /home/www/sistema.mapasdeguatemala.com/vendor/compiled.php(9236): Illuminate\Cookie\Middleware\AddQueuedCookiesToResponse->handle(Object(Illuminate\Http\Request), Object(Closure))
#34 /home/www/sistema.mapasdeguatemala.com/vendor/compiled.php(12066): Illuminate\Pipeline\Pipeline->Illuminate\Pipeline\{closure}(Object(Illuminate\Http\Request))
#35 /home/www/sistema.mapasdeguatemala.com/vendor/compiled.php(9236): Illuminate\Cookie\Middleware\EncryptCookies->handle(Object(Illuminate\Http\Request), Object(Closure))
#36 /home/www/sistema.mapasdeguatemala.com/vendor/compiled.php(2589): Illuminate\Pipeline\Pipeline->Illuminate\Pipeline\{closure}(Object(Illuminate\Http\Request))
#37 /home/www/sistema.mapasdeguatemala.com/vendor/compiled.php(9236): Illuminate\Foundation\Http\Middleware\CheckForMaintenanceMode->handle(Object(Illuminate\Http\Request), Object(Closure))
#38 [internal function]: Illuminate\Pipeline\Pipeline->Illuminate\Pipeline\{closure}(Object(Illuminate\Http\Request))
#39 /home/www/sistema.mapasdeguatemala.com/vendor/compiled.php(9227): call_user_func(Object(Closure), Object(Illuminate\Http\Request))
#40 /home/www/sistema.mapasdeguatemala.com/vendor/compiled.php(1996): Illuminate\Pipeline\Pipeline->then(Object(Closure))
#41 /home/www/sistema.mapasdeguatemala.com/vendor/compiled.php(1983): Illuminate\Foundation\Http\Kernel->sendRequestThroughRouter(Object(Illuminate\Http\Request))
#42 /home/www/sistema.mapasdeguatemala.com/public/index.php(55): Illuminate\Foundation\Http\Kernel->handle(Object(Illuminate\Http\Request))
#43 {main}  
[2016-03-14 22:36:08] local.ERROR: exception 'PDOException' with message 'SQLSTATE[23000]: Integrity constraint violation: 1048 Column 'pais_id' cannot be null' in /home/www/sistema.mapasdeguatemala.com/vendor/laravel/framework/src/Illuminate/Database/Connection.php:362
Stack trace:
#0 /home/www/sistema.mapasdeguatemala.com/vendor/laravel/framework/src/Illuminate/Database/Connection.php(362): PDOStatement->execute(Array)
#1 /home/www/sistema.mapasdeguatemala.com/vendor/laravel/framework/src/Illuminate/Database/Connection.php(616): Illuminate\Database\Connection->Illuminate\Database\{closure}(Object(Illuminate\Database\MySqlConnection), 'insert into `ma...', Array)
#2 /home/www/sistema.mapasdeguatemala.com/vendor/laravel/framework/src/Illuminate/Database/Connection.php(580): Illuminate\Database\Connection->runQueryCallback('insert into `ma...', Array, Object(Closure))
#3 /home/www/sistema.mapasdeguatemala.com/vendor/laravel/framework/src/Illuminate/Database/Connection.php(363): Illuminate\Database\Connection->run('insert into `ma...', Array, Object(Closure))
#4 /home/www/sistema.mapasdeguatemala.com/vendor/laravel/framework/src/Illuminate/Database/Connection.php(320): Illuminate\Database\Connection->statement('insert into `ma...', Array)
#5 /home/www/sistema.mapasdeguatemala.com/vendor/laravel/framework/src/Illuminate/Database/Query/Processors/Processor.php(30): Illuminate\Database\Connection->insert('insert into `ma...', Array)
#6 /home/www/sistema.mapasdeguatemala.com/vendor/laravel/framework/src/Illuminate/Database/Query/Builder.php(1725): Illuminate\Database\Query\Processors\Processor->processInsertGetId(Object(Illuminate\Database\Query\Builder), 'insert into `ma...', Array, 'id')
#7 [internal function]: Illuminate\Database\Query\Builder->insertGetId(Array, 'id')
#8 /home/www/sistema.mapasdeguatemala.com/vendor/laravel/framework/src/Illuminate/Database/Eloquent/Builder.php(933): call_user_func_array(Array, Array)
#9 /home/www/sistema.mapasdeguatemala.com/vendor/compiled.php(10095): Illuminate\Database\Eloquent\Builder->__call('insertGetId', Array)
#10 /home/www/sistema.mapasdeguatemala.com/vendor/compiled.php(10095): Illuminate\Database\Eloquent\Builder->insertGetId(Array, 'id')
#11 /home/www/sistema.mapasdeguatemala.com/vendor/compiled.php(10085): Illuminate\Database\Eloquent\Model->insertAndSetId(Object(Illuminate\Database\Eloquent\Builder), Array)
#12 /home/www/sistema.mapasdeguatemala.com/vendor/compiled.php(10042): Illuminate\Database\Eloquent\Model->performInsert(Object(Illuminate\Database\Eloquent\Builder), Array)
#13 /home/www/sistema.mapasdeguatemala.com/app/Http/Controllers/mapaslugaresController.php(89): Illuminate\Database\Eloquent\Model->save()
#14 [internal function]: App\Http\Controllers\mapaslugaresController->store(Object(App\Http\Requests\CreatemapaslugaresRequest))
#15 /home/www/sistema.mapasdeguatemala.com/vendor/compiled.php(8558): call_user_func_array(Array, Array)
#16 /home/www/sistema.mapasdeguatemala.com/vendor/compiled.php(8626): Illuminate\Routing\Controller->callAction('store', Array)
#17 /home/www/sistema.mapasdeguatemala.com/vendor/compiled.php(8605): Illuminate\Routing\ControllerDispatcher->call(Object(App\Http\Controllers\mapaslugaresController), Object(Illuminate\Routing\Route), 'store')
#18 [internal function]: Illuminate\Routing\ControllerDispatcher->Illuminate\Routing\{closure}(Object(Illuminate\Http\Request))
#19 /home/www/sistema.mapasdeguatemala.com/vendor/compiled.php(9244): call_user_func(Object(Closure), Object(Illuminate\Http\Request))
#20 [internal function]: Illuminate\Pipeline\Pipeline->Illuminate\Pipeline\{closure}(Object(Illuminate\Http\Request))
#21 /home/www/sistema.mapasdeguatemala.com/vendor/compiled.php(9227): call_user_func(Object(Closure), Object(Illuminate\Http\Request))
#22 /home/www/sistema.mapasdeguatemala.com/vendor/compiled.php(8606): Illuminate\Pipeline\Pipeline->then(Object(Closure))
#23 /home/www/sistema.mapasdeguatemala.com/vendor/compiled.php(8592): Illuminate\Routing\ControllerDispatcher->callWithinStack(Object(App\Http\Controllers\mapaslugaresController), Object(Illuminate\Routing\Route), Object(Illuminate\Http\Request), 'store')
#24 /home/www/sistema.mapasdeguatemala.com/vendor/compiled.php(7583): Illuminate\Routing\ControllerDispatcher->dispatch(Object(Illuminate\Routing\Route), Object(Illuminate\Http\Request), 'App\\Http\\Contro...', 'store')
#25 /home/www/sistema.mapasdeguatemala.com/vendor/compiled.php(7554): Illuminate\Routing\Route->runWithCustomDispatcher(Object(Illuminate\Http\Request))
#26 /home/www/sistema.mapasdeguatemala.com/vendor/compiled.php(7219): Illuminate\Routing\Route->run(Object(Illuminate\Http\Request))
#27 [internal function]: Illuminate\Routing\Router->Illuminate\Routing\{closure}(Object(Illuminate\Http\Request))
#28 /home/www/sistema.mapasdeguatemala.com/vendor/compiled.php(9244): call_user_func(Object(Closure), Object(Illuminate\Http\Request))
#29 [internal function]: Illuminate\Pipeline\Pipeline->Illuminate\Pipeline\{closure}(Object(Illuminate\Http\Request))
#30 /home/www/sistema.mapasdeguatemala.com/vendor/compiled.php(9227): call_user_func(Object(Closure), Object(Illuminate\Http\Request))
#31 /home/www/sistema.mapasdeguatemala.com/vendor/compiled.php(7220): Illuminate\Pipeline\Pipeline->then(Object(Closure))
#32 /home/www/sistema.mapasdeguatemala.com/vendor/compiled.php(7209): Illuminate\Routing\Router->runRouteWithinStack(Object(Illuminate\Routing\Route), Object(Illuminate\Http\Request))
#33 /home/www/sistema.mapasdeguatemala.com/vendor/compiled.php(7194): Illuminate\Routing\Router->dispatchToRoute(Object(Illuminate\Http\Request))
#34 /home/www/sistema.mapasdeguatemala.com/vendor/compiled.php(2040): Illuminate\Routing\Router->dispatch(Object(Illuminate\Http\Request))
#35 [internal function]: Illuminate\Foundation\Http\Kernel->Illuminate\Foundation\Http\{closure}(Object(Illuminate\Http\Request))
#36 /home/www/sistema.mapasdeguatemala.com/vendor/compiled.php(9244): call_user_func(Object(Closure), Object(Illuminate\Http\Request))
#37 /home/www/sistema.mapasdeguatemala.com/vendor/compiled.php(2548): Illuminate\Pipeline\Pipeline->Illuminate\Pipeline\{closure}(Object(Illuminate\Http\Request))
#38 /home/www/sistema.mapasdeguatemala.com/app/Http/Middleware/VerifyCsrfToken.php(17): Illuminate\Foundation\Http\Middleware\VerifyCsrfToken->handle(Object(Illuminate\Http\Request), Object(Closure))
#39 /home/www/sistema.mapasdeguatemala.com/vendor/compiled.php(9236): App\Http\Middleware\VerifyCsrfToken->handle(Object(Illuminate\Http\Request), Object(Closure))
#40 /home/www/sistema.mapasdeguatemala.com/vendor/compiled.php(12416): Illuminate\Pipeline\Pipeline->Illuminate\Pipeline\{closure}(Object(Illuminate\Http\Request))
#41 /home/www/sistema.mapasdeguatemala.com/vendor/compiled.php(9236): Illuminate\View\Middleware\ShareErrorsFromSession->handle(Object(Illuminate\Http\Request), Object(Closure))
#42 /home/www/sistema.mapasdeguatemala.com/vendor/compiled.php(11106): Illuminate\Pipeline\Pipeline->Illuminate\Pipeline\{closure}(Object(Illuminate\Http\Request))
#43 /home/www/sistema.mapasdeguatemala.com/vendor/compiled.php(9236): Illuminate\Session\Middleware\StartSession->handle(Object(Illuminate\Http\Request), Object(Closure))
#44 /home/www/sistema.mapasdeguatemala.com/vendor/compiled.php(12118): Illuminate\Pipeline\Pipeline->Illuminate\Pipeline\{closure}(Object(Illuminate\Http\Request))
#45 /home/www/sistema.mapasdeguatemala.com/vendor/compiled.php(9236): Illuminate\Cookie\Middleware\AddQueuedCookiesToResponse->handle(Object(Illuminate\Http\Request), Object(Closure))
#46 /home/www/sistema.mapasdeguatemala.com/vendor/compiled.php(12066): Illuminate\Pipeline\Pipeline->Illuminate\Pipeline\{closure}(Object(Illuminate\Http\Request))
#47 /home/www/sistema.mapasdeguatemala.com/vendor/compiled.php(9236): Illuminate\Cookie\Middleware\EncryptCookies->handle(Object(Illuminate\Http\Request), Object(Closure))
#48 /home/www/sistema.mapasdeguatemala.com/vendor/compiled.php(2589): Illuminate\Pipeline\Pipeline->Illuminate\Pipeline\{closure}(Object(Illuminate\Http\Request))
#49 /home/www/sistema.mapasdeguatemala.com/vendor/compiled.php(9236): Illuminate\Foundation\Http\Middleware\CheckForMaintenanceMode->handle(Object(Illuminate\Http\Request), Object(Closure))
#50 [internal function]: Illuminate\Pipeline\Pipeline->Illuminate\Pipeline\{closure}(Object(Illuminate\Http\Request))
#51 /home/www/sistema.mapasdeguatemala.com/vendor/compiled.php(9227): call_user_func(Object(Closure), Object(Illuminate\Http\Request))
#52 /home/www/sistema.mapasdeguatemala.com/vendor/compiled.php(1996): Illuminate\Pipeline\Pipeline->then(Object(Closure))
#53 /home/www/sistema.mapasdeguatemala.com/vendor/compiled.php(1983): Illuminate\Foundation\Http\Kernel->sendRequestThroughRouter(Object(Illuminate\Http\Request))
#54 /home/www/sistema.mapasdeguatemala.com/public/index.php(55): Illuminate\Foundation\Http\Kernel->handle(Object(Illuminate\Http\Request))
#55 {main}

Next exception 'Illuminate\Database\QueryException' with message 'SQLSTATE[23000]: Integrity constraint violation: 1048 Column 'pais_id' cannot be null (SQL: insert into `mapaslugares` (`nombre`, `estado`, `pais_id`, `departamento_id`, `municipio_id`, `imagen`, `updated_at`, `created_at`) values (wwww, 1, , 11, 13, izabal.jpg, 2016-03-14 22:36:08, 2016-03-14 22:36:08))' in /home/www/sistema.mapasdeguatemala.com/vendor/laravel/framework/src/Illuminate/Database/Connection.php:624
Stack trace:
#0 /home/www/sistema.mapasdeguatemala.com/vendor/laravel/framework/src/Illuminate/Database/Connection.php(580): Illuminate\Database\Connection->runQueryCallback('insert into `ma...', Array, Object(Closure))
#1 /home/www/sistema.mapasdeguatemala.com/vendor/laravel/framework/src/Illuminate/Database/Connection.php(363): Illuminate\Database\Connection->run('insert into `ma...', Array, Object(Closure))
#2 /home/www/sistema.mapasdeguatemala.com/vendor/laravel/framework/src/Illuminate/Database/Connection.php(320): Illuminate\Database\Connection->statement('insert into `ma...', Array)
#3 /home/www/sistema.mapasdeguatemala.com/vendor/laravel/framework/src/Illuminate/Database/Query/Processors/Processor.php(30): Illuminate\Database\Connection->insert('insert into `ma...', Array)
#4 /home/www/sistema.mapasdeguatemala.com/vendor/laravel/framework/src/Illuminate/Database/Query/Builder.php(1725): Illuminate\Database\Query\Processors\Processor->processInsertGetId(Object(Illuminate\Database\Query\Builder), 'insert into `ma...', Array, 'id')
#5 [internal function]: Illuminate\Database\Query\Builder->insertGetId(Array, 'id')
#6 /home/www/sistema.mapasdeguatemala.com/vendor/laravel/framework/src/Illuminate/Database/Eloquent/Builder.php(933): call_user_func_array(Array, Array)
#7 /home/www/sistema.mapasdeguatemala.com/vendor/compiled.php(10095): Illuminate\Database\Eloquent\Builder->__call('insertGetId', Array)
#8 /home/www/sistema.mapasdeguatemala.com/vendor/compiled.php(10095): Illuminate\Database\Eloquent\Builder->insertGetId(Array, 'id')
#9 /home/www/sistema.mapasdeguatemala.com/vendor/compiled.php(10085): Illuminate\Database\Eloquent\Model->insertAndSetId(Object(Illuminate\Database\Eloquent\Builder), Array)
#10 /home/www/sistema.mapasdeguatemala.com/vendor/compiled.php(10042): Illuminate\Database\Eloquent\Model->performInsert(Object(Illuminate\Database\Eloquent\Builder), Array)
#11 /home/www/sistema.mapasdeguatemala.com/app/Http/Controllers/mapaslugaresController.php(89): Illuminate\Database\Eloquent\Model->save()
#12 [internal function]: App\Http\Controllers\mapaslugaresController->store(Object(App\Http\Requests\CreatemapaslugaresRequest))
#13 /home/www/sistema.mapasdeguatemala.com/vendor/compiled.php(8558): call_user_func_array(Array, Array)
#14 /home/www/sistema.mapasdeguatemala.com/vendor/compiled.php(8626): Illuminate\Routing\Controller->callAction('store', Array)
#15 /home/www/sistema.mapasdeguatemala.com/vendor/compiled.php(8605): Illuminate\Routing\ControllerDispatcher->call(Object(App\Http\Controllers\mapaslugaresController), Object(Illuminate\Routing\Route), 'store')
#16 [internal function]: Illuminate\Routing\ControllerDispatcher->Illuminate\Routing\{closure}(Object(Illuminate\Http\Request))
#17 /home/www/sistema.mapasdeguatemala.com/vendor/compiled.php(9244): call_user_func(Object(Closure), Object(Illuminate\Http\Request))
#18 [internal function]: Illuminate\Pipeline\Pipeline->Illuminate\Pipeline\{closure}(Object(Illuminate\Http\Request))
#19 /home/www/sistema.mapasdeguatemala.com/vendor/compiled.php(9227): call_user_func(Object(Closure), Object(Illuminate\Http\Request))
#20 /home/www/sistema.mapasdeguatemala.com/vendor/compiled.php(8606): Illuminate\Pipeline\Pipeline->then(Object(Closure))
#21 /home/www/sistema.mapasdeguatemala.com/vendor/compiled.php(8592): Illuminate\Routing\ControllerDispatcher->callWithinStack(Object(App\Http\Controllers\mapaslugaresController), Object(Illuminate\Routing\Route), Object(Illuminate\Http\Request), 'store')
#22 /home/www/sistema.mapasdeguatemala.com/vendor/compiled.php(7583): Illuminate\Routing\ControllerDispatcher->dispatch(Object(Illuminate\Routing\Route), Object(Illuminate\Http\Request), 'App\\Http\\Contro...', 'store')
#23 /home/www/sistema.mapasdeguatemala.com/vendor/compiled.php(7554): Illuminate\Routing\Route->runWithCustomDispatcher(Object(Illuminate\Http\Request))
#24 /home/www/sistema.mapasdeguatemala.com/vendor/compiled.php(7219): Illuminate\Routing\Route->run(Object(Illuminate\Http\Request))
#25 [internal function]: Illuminate\Routing\Router->Illuminate\Routing\{closure}(Object(Illuminate\Http\Request))
#26 /home/www/sistema.mapasdeguatemala.com/vendor/compiled.php(9244): call_user_func(Object(Closure), Object(Illuminate\Http\Request))
#27 [internal function]: Illuminate\Pipeline\Pipeline->Illuminate\Pipeline\{closure}(Object(Illuminate\Http\Request))
#28 /home/www/sistema.mapasdeguatemala.com/vendor/compiled.php(9227): call_user_func(Object(Closure), Object(Illuminate\Http\Request))
#29 /home/www/sistema.mapasdeguatemala.com/vendor/compiled.php(7220): Illuminate\Pipeline\Pipeline->then(Object(Closure))
#30 /home/www/sistema.mapasdeguatemala.com/vendor/compiled.php(7209): Illuminate\Routing\Router->runRouteWithinStack(Object(Illuminate\Routing\Route), Object(Illuminate\Http\Request))
#31 /home/www/sistema.mapasdeguatemala.com/vendor/compiled.php(7194): Illuminate\Routing\Router->dispatchToRoute(Object(Illuminate\Http\Request))
#32 /home/www/sistema.mapasdeguatemala.com/vendor/compiled.php(2040): Illuminate\Routing\Router->dispatch(Object(Illuminate\Http\Request))
#33 [internal function]: Illuminate\Foundation\Http\Kernel->Illuminate\Foundation\Http\{closure}(Object(Illuminate\Http\Request))
#34 /home/www/sistema.mapasdeguatemala.com/vendor/compiled.php(9244): call_user_func(Object(Closure), Object(Illuminate\Http\Request))
#35 /home/www/sistema.mapasdeguatemala.com/vendor/compiled.php(2548): Illuminate\Pipeline\Pipeline->Illuminate\Pipeline\{closure}(Object(Illuminate\Http\Request))
#36 /home/www/sistema.mapasdeguatemala.com/app/Http/Middleware/VerifyCsrfToken.php(17): Illuminate\Foundation\Http\Middleware\VerifyCsrfToken->handle(Object(Illuminate\Http\Request), Object(Closure))
#37 /home/www/sistema.mapasdeguatemala.com/vendor/compiled.php(9236): App\Http\Middleware\VerifyCsrfToken->handle(Object(Illuminate\Http\Request), Object(Closure))
#38 /home/www/sistema.mapasdeguatemala.com/vendor/compiled.php(12416): Illuminate\Pipeline\Pipeline->Illuminate\Pipeline\{closure}(Object(Illuminate\Http\Request))
#39 /home/www/sistema.mapasdeguatemala.com/vendor/compiled.php(9236): Illuminate\View\Middleware\ShareErrorsFromSession->handle(Object(Illuminate\Http\Request), Object(Closure))
#40 /home/www/sistema.mapasdeguatemala.com/vendor/compiled.php(11106): Illuminate\Pipeline\Pipeline->Illuminate\Pipeline\{closure}(Object(Illuminate\Http\Request))
#41 /home/www/sistema.mapasdeguatemala.com/vendor/compiled.php(9236): Illuminate\Session\Middleware\StartSession->handle(Object(Illuminate\Http\Request), Object(Closure))
#42 /home/www/sistema.mapasdeguatemala.com/vendor/compiled.php(12118): Illuminate\Pipeline\Pipeline->Illuminate\Pipeline\{closure}(Object(Illuminate\Http\Request))
#43 /home/www/sistema.mapasdeguatemala.com/vendor/compiled.php(9236): Illuminate\Cookie\Middleware\AddQueuedCookiesToResponse->handle(Object(Illuminate\Http\Request), Object(Closure))
#44 /home/www/sistema.mapasdeguatemala.com/vendor/compiled.php(12066): Illuminate\Pipeline\Pipeline->Illuminate\Pipeline\{closure}(Object(Illuminate\Http\Request))
#45 /home/www/sistema.mapasdeguatemala.com/vendor/compiled.php(9236): Illuminate\Cookie\Middleware\EncryptCookies->handle(Object(Illuminate\Http\Request), Object(Closure))
#46 /home/www/sistema.mapasdeguatemala.com/vendor/compiled.php(2589): Illuminate\Pipeline\Pipeline->Illuminate\Pipeline\{closure}(Object(Illuminate\Http\Request))
#47 /home/www/sistema.mapasdeguatemala.com/vendor/compiled.php(9236): Illuminate\Foundation\Http\Middleware\CheckForMaintenanceMode->handle(Object(Illuminate\Http\Request), Object(Closure))
#48 [internal function]: Illuminate\Pipeline\Pipeline->Illuminate\Pipeline\{closure}(Object(Illuminate\Http\Request))
#49 /home/www/sistema.mapasdeguatemala.com/vendor/compiled.php(9227): call_user_func(Object(Closure), Object(Illuminate\Http\Request))
#50 /home/www/sistema.mapasdeguatemala.com/vendor/compiled.php(1996): Illuminate\Pipeline\Pipeline->then(Object(Closure))
#51 /home/www/sistema.mapasdeguatemala.com/vendor/compiled.php(1983): Illuminate\Foundation\Http\Kernel->sendRequestThroughRouter(Object(Illuminate\Http\Request))
#52 /home/www/sistema.mapasdeguatemala.com/public/index.php(55): Illuminate\Foundation\Http\Kernel->handle(Object(Illuminate\Http\Request))
#53 {main}  
[2016-03-14 22:37:14] local.ERROR: exception 'PDOException' with message 'SQLSTATE[23000]: Integrity constraint violation: 1048 Column 'pais_id' cannot be null' in /home/www/sistema.mapasdeguatemala.com/vendor/laravel/framework/src/Illuminate/Database/Connection.php:362
Stack trace:
#0 /home/www/sistema.mapasdeguatemala.com/vendor/laravel/framework/src/Illuminate/Database/Connection.php(362): PDOStatement->execute(Array)
#1 /home/www/sistema.mapasdeguatemala.com/vendor/laravel/framework/src/Illuminate/Database/Connection.php(616): Illuminate\Database\Connection->Illuminate\Database\{closure}(Object(Illuminate\Database\MySqlConnection), 'insert into `ma...', Array)
#2 /home/www/sistema.mapasdeguatemala.com/vendor/laravel/framework/src/Illuminate/Database/Connection.php(580): Illuminate\Database\Connection->runQueryCallback('insert into `ma...', Array, Object(Closure))
#3 /home/www/sistema.mapasdeguatemala.com/vendor/laravel/framework/src/Illuminate/Database/Connection.php(363): Illuminate\Database\Connection->run('insert into `ma...', Array, Object(Closure))
#4 /home/www/sistema.mapasdeguatemala.com/vendor/laravel/framework/src/Illuminate/Database/Connection.php(320): Illuminate\Database\Connection->statement('insert into `ma...', Array)
#5 /home/www/sistema.mapasdeguatemala.com/vendor/laravel/framework/src/Illuminate/Database/Query/Processors/Processor.php(30): Illuminate\Database\Connection->insert('insert into `ma...', Array)
#6 /home/www/sistema.mapasdeguatemala.com/vendor/laravel/framework/src/Illuminate/Database/Query/Builder.php(1725): Illuminate\Database\Query\Processors\Processor->processInsertGetId(Object(Illuminate\Database\Query\Builder), 'insert into `ma...', Array, 'id')
#7 [internal function]: Illuminate\Database\Query\Builder->insertGetId(Array, 'id')
#8 /home/www/sistema.mapasdeguatemala.com/vendor/laravel/framework/src/Illuminate/Database/Eloquent/Builder.php(933): call_user_func_array(Array, Array)
#9 /home/www/sistema.mapasdeguatemala.com/vendor/compiled.php(10095): Illuminate\Database\Eloquent\Builder->__call('insertGetId', Array)
#10 /home/www/sistema.mapasdeguatemala.com/vendor/compiled.php(10095): Illuminate\Database\Eloquent\Builder->insertGetId(Array, 'id')
#11 /home/www/sistema.mapasdeguatemala.com/vendor/compiled.php(10085): Illuminate\Database\Eloquent\Model->insertAndSetId(Object(Illuminate\Database\Eloquent\Builder), Array)
#12 /home/www/sistema.mapasdeguatemala.com/vendor/compiled.php(10042): Illuminate\Database\Eloquent\Model->performInsert(Object(Illuminate\Database\Eloquent\Builder), Array)
#13 /home/www/sistema.mapasdeguatemala.com/app/Http/Controllers/mapaslugaresController.php(89): Illuminate\Database\Eloquent\Model->save()
#14 [internal function]: App\Http\Controllers\mapaslugaresController->store(Object(App\Http\Requests\CreatemapaslugaresRequest))
#15 /home/www/sistema.mapasdeguatemala.com/vendor/compiled.php(8558): call_user_func_array(Array, Array)
#16 /home/www/sistema.mapasdeguatemala.com/vendor/compiled.php(8626): Illuminate\Routing\Controller->callAction('store', Array)
#17 /home/www/sistema.mapasdeguatemala.com/vendor/compiled.php(8605): Illuminate\Routing\ControllerDispatcher->call(Object(App\Http\Controllers\mapaslugaresController), Object(Illuminate\Routing\Route), 'store')
#18 [internal function]: Illuminate\Routing\ControllerDispatcher->Illuminate\Routing\{closure}(Object(Illuminate\Http\Request))
#19 /home/www/sistema.mapasdeguatemala.com/vendor/compiled.php(9244): call_user_func(Object(Closure), Object(Illuminate\Http\Request))
#20 [internal function]: Illuminate\Pipeline\Pipeline->Illuminate\Pipeline\{closure}(Object(Illuminate\Http\Request))
#21 /home/www/sistema.mapasdeguatemala.com/vendor/compiled.php(9227): call_user_func(Object(Closure), Object(Illuminate\Http\Request))
#22 /home/www/sistema.mapasdeguatemala.com/vendor/compiled.php(8606): Illuminate\Pipeline\Pipeline->then(Object(Closure))
#23 /home/www/sistema.mapasdeguatemala.com/vendor/compiled.php(8592): Illuminate\Routing\ControllerDispatcher->callWithinStack(Object(App\Http\Controllers\mapaslugaresController), Object(Illuminate\Routing\Route), Object(Illuminate\Http\Request), 'store')
#24 /home/www/sistema.mapasdeguatemala.com/vendor/compiled.php(7583): Illuminate\Routing\ControllerDispatcher->dispatch(Object(Illuminate\Routing\Route), Object(Illuminate\Http\Request), 'App\\Http\\Contro...', 'store')
#25 /home/www/sistema.mapasdeguatemala.com/vendor/compiled.php(7554): Illuminate\Routing\Route->runWithCustomDispatcher(Object(Illuminate\Http\Request))
#26 /home/www/sistema.mapasdeguatemala.com/vendor/compiled.php(7219): Illuminate\Routing\Route->run(Object(Illuminate\Http\Request))
#27 [internal function]: Illuminate\Routing\Router->Illuminate\Routing\{closure}(Object(Illuminate\Http\Request))
#28 /home/www/sistema.mapasdeguatemala.com/vendor/compiled.php(9244): call_user_func(Object(Closure), Object(Illuminate\Http\Request))
#29 [internal function]: Illuminate\Pipeline\Pipeline->Illuminate\Pipeline\{closure}(Object(Illuminate\Http\Request))
#30 /home/www/sistema.mapasdeguatemala.com/vendor/compiled.php(9227): call_user_func(Object(Closure), Object(Illuminate\Http\Request))
#31 /home/www/sistema.mapasdeguatemala.com/vendor/compiled.php(7220): Illuminate\Pipeline\Pipeline->then(Object(Closure))
#32 /home/www/sistema.mapasdeguatemala.com/vendor/compiled.php(7209): Illuminate\Routing\Router->runRouteWithinStack(Object(Illuminate\Routing\Route), Object(Illuminate\Http\Request))
#33 /home/www/sistema.mapasdeguatemala.com/vendor/compiled.php(7194): Illuminate\Routing\Router->dispatchToRoute(Object(Illuminate\Http\Request))
#34 /home/www/sistema.mapasdeguatemala.com/vendor/compiled.php(2040): Illuminate\Routing\Router->dispatch(Object(Illuminate\Http\Request))
#35 [internal function]: Illuminate\Foundation\Http\Kernel->Illuminate\Foundation\Http\{closure}(Object(Illuminate\Http\Request))
#36 /home/www/sistema.mapasdeguatemala.com/vendor/compiled.php(9244): call_user_func(Object(Closure), Object(Illuminate\Http\Request))
#37 /home/www/sistema.mapasdeguatemala.com/vendor/compiled.php(2548): Illuminate\Pipeline\Pipeline->Illuminate\Pipeline\{closure}(Object(Illuminate\Http\Request))
#38 /home/www/sistema.mapasdeguatemala.com/app/Http/Middleware/VerifyCsrfToken.php(17): Illuminate\Foundation\Http\Middleware\VerifyCsrfToken->handle(Object(Illuminate\Http\Request), Object(Closure))
#39 /home/www/sistema.mapasdeguatemala.com/vendor/compiled.php(9236): App\Http\Middleware\VerifyCsrfToken->handle(Object(Illuminate\Http\Request), Object(Closure))
#40 /home/www/sistema.mapasdeguatemala.com/vendor/compiled.php(12416): Illuminate\Pipeline\Pipeline->Illuminate\Pipeline\{closure}(Object(Illuminate\Http\Request))
#41 /home/www/sistema.mapasdeguatemala.com/vendor/compiled.php(9236): Illuminate\View\Middleware\ShareErrorsFromSession->handle(Object(Illuminate\Http\Request), Object(Closure))
#42 /home/www/sistema.mapasdeguatemala.com/vendor/compiled.php(11106): Illuminate\Pipeline\Pipeline->Illuminate\Pipeline\{closure}(Object(Illuminate\Http\Request))
#43 /home/www/sistema.mapasdeguatemala.com/vendor/compiled.php(9236): Illuminate\Session\Middleware\StartSession->handle(Object(Illuminate\Http\Request), Object(Closure))
#44 /home/www/sistema.mapasdeguatemala.com/vendor/compiled.php(12118): Illuminate\Pipeline\Pipeline->Illuminate\Pipeline\{closure}(Object(Illuminate\Http\Request))
#45 /home/www/sistema.mapasdeguatemala.com/vendor/compiled.php(9236): Illuminate\Cookie\Middleware\AddQueuedCookiesToResponse->handle(Object(Illuminate\Http\Request), Object(Closure))
#46 /home/www/sistema.mapasdeguatemala.com/vendor/compiled.php(12066): Illuminate\Pipeline\Pipeline->Illuminate\Pipeline\{closure}(Object(Illuminate\Http\Request))
#47 /home/www/sistema.mapasdeguatemala.com/vendor/compiled.php(9236): Illuminate\Cookie\Middleware\EncryptCookies->handle(Object(Illuminate\Http\Request), Object(Closure))
#48 /home/www/sistema.mapasdeguatemala.com/vendor/compiled.php(2589): Illuminate\Pipeline\Pipeline->Illuminate\Pipeline\{closure}(Object(Illuminate\Http\Request))
#49 /home/www/sistema.mapasdeguatemala.com/vendor/compiled.php(9236): Illuminate\Foundation\Http\Middleware\CheckForMaintenanceMode->handle(Object(Illuminate\Http\Request), Object(Closure))
#50 [internal function]: Illuminate\Pipeline\Pipeline->Illuminate\Pipeline\{closure}(Object(Illuminate\Http\Request))
#51 /home/www/sistema.mapasdeguatemala.com/vendor/compiled.php(9227): call_user_func(Object(Closure), Object(Illuminate\Http\Request))
#52 /home/www/sistema.mapasdeguatemala.com/vendor/compiled.php(1996): Illuminate\Pipeline\Pipeline->then(Object(Closure))
#53 /home/www/sistema.mapasdeguatemala.com/vendor/compiled.php(1983): Illuminate\Foundation\Http\Kernel->sendRequestThroughRouter(Object(Illuminate\Http\Request))
#54 /home/www/sistema.mapasdeguatemala.com/public/index.php(55): Illuminate\Foundation\Http\Kernel->handle(Object(Illuminate\Http\Request))
#55 {main}

Next exception 'Illuminate\Database\QueryException' with message 'SQLSTATE[23000]: Integrity constraint violation: 1048 Column 'pais_id' cannot be null (SQL: insert into `mapaslugares` (`nombre`, `estado`, `pais_id`, `departamento_id`, `municipio_id`, `imagen`, `updated_at`, `created_at`) values (prueba, 1, , 11, 13, izabal.jpg, 2016-03-14 22:37:14, 2016-03-14 22:37:14))' in /home/www/sistema.mapasdeguatemala.com/vendor/laravel/framework/src/Illuminate/Database/Connection.php:624
Stack trace:
#0 /home/www/sistema.mapasdeguatemala.com/vendor/laravel/framework/src/Illuminate/Database/Connection.php(580): Illuminate\Database\Connection->runQueryCallback('insert into `ma...', Array, Object(Closure))
#1 /home/www/sistema.mapasdeguatemala.com/vendor/laravel/framework/src/Illuminate/Database/Connection.php(363): Illuminate\Database\Connection->run('insert into `ma...', Array, Object(Closure))
#2 /home/www/sistema.mapasdeguatemala.com/vendor/laravel/framework/src/Illuminate/Database/Connection.php(320): Illuminate\Database\Connection->statement('insert into `ma...', Array)
#3 /home/www/sistema.mapasdeguatemala.com/vendor/laravel/framework/src/Illuminate/Database/Query/Processors/Processor.php(30): Illuminate\Database\Connection->insert('insert into `ma...', Array)
#4 /home/www/sistema.mapasdeguatemala.com/vendor/laravel/framework/src/Illuminate/Database/Query/Builder.php(1725): Illuminate\Database\Query\Processors\Processor->processInsertGetId(Object(Illuminate\Database\Query\Builder), 'insert into `ma...', Array, 'id')
#5 [internal function]: Illuminate\Database\Query\Builder->insertGetId(Array, 'id')
#6 /home/www/sistema.mapasdeguatemala.com/vendor/laravel/framework/src/Illuminate/Database/Eloquent/Builder.php(933): call_user_func_array(Array, Array)
#7 /home/www/sistema.mapasdeguatemala.com/vendor/compiled.php(10095): Illuminate\Database\Eloquent\Builder->__call('insertGetId', Array)
#8 /home/www/sistema.mapasdeguatemala.com/vendor/compiled.php(10095): Illuminate\Database\Eloquent\Builder->insertGetId(Array, 'id')
#9 /home/www/sistema.mapasdeguatemala.com/vendor/compiled.php(10085): Illuminate\Database\Eloquent\Model->insertAndSetId(Object(Illuminate\Database\Eloquent\Builder), Array)
#10 /home/www/sistema.mapasdeguatemala.com/vendor/compiled.php(10042): Illuminate\Database\Eloquent\Model->performInsert(Object(Illuminate\Database\Eloquent\Builder), Array)
#11 /home/www/sistema.mapasdeguatemala.com/app/Http/Controllers/mapaslugaresController.php(89): Illuminate\Database\Eloquent\Model->save()
#12 [internal function]: App\Http\Controllers\mapaslugaresController->store(Object(App\Http\Requests\CreatemapaslugaresRequest))
#13 /home/www/sistema.mapasdeguatemala.com/vendor/compiled.php(8558): call_user_func_array(Array, Array)
#14 /home/www/sistema.mapasdeguatemala.com/vendor/compiled.php(8626): Illuminate\Routing\Controller->callAction('store', Array)
#15 /home/www/sistema.mapasdeguatemala.com/vendor/compiled.php(8605): Illuminate\Routing\ControllerDispatcher->call(Object(App\Http\Controllers\mapaslugaresController), Object(Illuminate\Routing\Route), 'store')
#16 [internal function]: Illuminate\Routing\ControllerDispatcher->Illuminate\Routing\{closure}(Object(Illuminate\Http\Request))
#17 /home/www/sistema.mapasdeguatemala.com/vendor/compiled.php(9244): call_user_func(Object(Closure), Object(Illuminate\Http\Request))
#18 [internal function]: Illuminate\Pipeline\Pipeline->Illuminate\Pipeline\{closure}(Object(Illuminate\Http\Request))
#19 /home/www/sistema.mapasdeguatemala.com/vendor/compiled.php(9227): call_user_func(Object(Closure), Object(Illuminate\Http\Request))
#20 /home/www/sistema.mapasdeguatemala.com/vendor/compiled.php(8606): Illuminate\Pipeline\Pipeline->then(Object(Closure))
#21 /home/www/sistema.mapasdeguatemala.com/vendor/compiled.php(8592): Illuminate\Routing\ControllerDispatcher->callWithinStack(Object(App\Http\Controllers\mapaslugaresController), Object(Illuminate\Routing\Route), Object(Illuminate\Http\Request), 'store')
#22 /home/www/sistema.mapasdeguatemala.com/vendor/compiled.php(7583): Illuminate\Routing\ControllerDispatcher->dispatch(Object(Illuminate\Routing\Route), Object(Illuminate\Http\Request), 'App\\Http\\Contro...', 'store')
#23 /home/www/sistema.mapasdeguatemala.com/vendor/compiled.php(7554): Illuminate\Routing\Route->runWithCustomDispatcher(Object(Illuminate\Http\Request))
#24 /home/www/sistema.mapasdeguatemala.com/vendor/compiled.php(7219): Illuminate\Routing\Route->run(Object(Illuminate\Http\Request))
#25 [internal function]: Illuminate\Routing\Router->Illuminate\Routing\{closure}(Object(Illuminate\Http\Request))
#26 /home/www/sistema.mapasdeguatemala.com/vendor/compiled.php(9244): call_user_func(Object(Closure), Object(Illuminate\Http\Request))
#27 [internal function]: Illuminate\Pipeline\Pipeline->Illuminate\Pipeline\{closure}(Object(Illuminate\Http\Request))
#28 /home/www/sistema.mapasdeguatemala.com/vendor/compiled.php(9227): call_user_func(Object(Closure), Object(Illuminate\Http\Request))
#29 /home/www/sistema.mapasdeguatemala.com/vendor/compiled.php(7220): Illuminate\Pipeline\Pipeline->then(Object(Closure))
#30 /home/www/sistema.mapasdeguatemala.com/vendor/compiled.php(7209): Illuminate\Routing\Router->runRouteWithinStack(Object(Illuminate\Routing\Route), Object(Illuminate\Http\Request))
#31 /home/www/sistema.mapasdeguatemala.com/vendor/compiled.php(7194): Illuminate\Routing\Router->dispatchToRoute(Object(Illuminate\Http\Request))
#32 /home/www/sistema.mapasdeguatemala.com/vendor/compiled.php(2040): Illuminate\Routing\Router->dispatch(Object(Illuminate\Http\Request))
#33 [internal function]: Illuminate\Foundation\Http\Kernel->Illuminate\Foundation\Http\{closure}(Object(Illuminate\Http\Request))
#34 /home/www/sistema.mapasdeguatemala.com/vendor/compiled.php(9244): call_user_func(Object(Closure), Object(Illuminate\Http\Request))
#35 /home/www/sistema.mapasdeguatemala.com/vendor/compiled.php(2548): Illuminate\Pipeline\Pipeline->Illuminate\Pipeline\{closure}(Object(Illuminate\Http\Request))
#36 /home/www/sistema.mapasdeguatemala.com/app/Http/Middleware/VerifyCsrfToken.php(17): Illuminate\Foundation\Http\Middleware\VerifyCsrfToken->handle(Object(Illuminate\Http\Request), Object(Closure))
#37 /home/www/sistema.mapasdeguatemala.com/vendor/compiled.php(9236): App\Http\Middleware\VerifyCsrfToken->handle(Object(Illuminate\Http\Request), Object(Closure))
#38 /home/www/sistema.mapasdeguatemala.com/vendor/compiled.php(12416): Illuminate\Pipeline\Pipeline->Illuminate\Pipeline\{closure}(Object(Illuminate\Http\Request))
#39 /home/www/sistema.mapasdeguatemala.com/vendor/compiled.php(9236): Illuminate\View\Middleware\ShareErrorsFromSession->handle(Object(Illuminate\Http\Request), Object(Closure))
#40 /home/www/sistema.mapasdeguatemala.com/vendor/compiled.php(11106): Illuminate\Pipeline\Pipeline->Illuminate\Pipeline\{closure}(Object(Illuminate\Http\Request))
#41 /home/www/sistema.mapasdeguatemala.com/vendor/compiled.php(9236): Illuminate\Session\Middleware\StartSession->handle(Object(Illuminate\Http\Request), Object(Closure))
#42 /home/www/sistema.mapasdeguatemala.com/vendor/compiled.php(12118): Illuminate\Pipeline\Pipeline->Illuminate\Pipeline\{closure}(Object(Illuminate\Http\Request))
#43 /home/www/sistema.mapasdeguatemala.com/vendor/compiled.php(9236): Illuminate\Cookie\Middleware\AddQueuedCookiesToResponse->handle(Object(Illuminate\Http\Request), Object(Closure))
#44 /home/www/sistema.mapasdeguatemala.com/vendor/compiled.php(12066): Illuminate\Pipeline\Pipeline->Illuminate\Pipeline\{closure}(Object(Illuminate\Http\Request))
#45 /home/www/sistema.mapasdeguatemala.com/vendor/compiled.php(9236): Illuminate\Cookie\Middleware\EncryptCookies->handle(Object(Illuminate\Http\Request), Object(Closure))
#46 /home/www/sistema.mapasdeguatemala.com/vendor/compiled.php(2589): Illuminate\Pipeline\Pipeline->Illuminate\Pipeline\{closure}(Object(Illuminate\Http\Request))
#47 /home/www/sistema.mapasdeguatemala.com/vendor/compiled.php(9236): Illuminate\Foundation\Http\Middleware\CheckForMaintenanceMode->handle(Object(Illuminate\Http\Request), Object(Closure))
#48 [internal function]: Illuminate\Pipeline\Pipeline->Illuminate\Pipeline\{closure}(Object(Illuminate\Http\Request))
#49 /home/www/sistema.mapasdeguatemala.com/vendor/compiled.php(9227): call_user_func(Object(Closure), Object(Illuminate\Http\Request))
#50 /home/www/sistema.mapasdeguatemala.com/vendor/compiled.php(1996): Illuminate\Pipeline\Pipeline->then(Object(Closure))
#51 /home/www/sistema.mapasdeguatemala.com/vendor/compiled.php(1983): Illuminate\Foundation\Http\Kernel->sendRequestThroughRouter(Object(Illuminate\Http\Request))
#52 /home/www/sistema.mapasdeguatemala.com/public/index.php(55): Illuminate\Foundation\Http\Kernel->handle(Object(Illuminate\Http\Request))
#53 {main}  
[2016-03-14 22:43:16] local.ERROR: exception 'PDOException' with message 'SQLSTATE[23000]: Integrity constraint violation: 1048 Column 'pais_id' cannot be null' in /home/www/sistema.mapasdeguatemala.com/vendor/laravel/framework/src/Illuminate/Database/Connection.php:362
Stack trace:
#0 /home/www/sistema.mapasdeguatemala.com/vendor/laravel/framework/src/Illuminate/Database/Connection.php(362): PDOStatement->execute(Array)
#1 /home/www/sistema.mapasdeguatemala.com/vendor/laravel/framework/src/Illuminate/Database/Connection.php(616): Illuminate\Database\Connection->Illuminate\Database\{closure}(Object(Illuminate\Database\MySqlConnection), 'insert into `ma...', Array)
#2 /home/www/sistema.mapasdeguatemala.com/vendor/laravel/framework/src/Illuminate/Database/Connection.php(580): Illuminate\Database\Connection->runQueryCallback('insert into `ma...', Array, Object(Closure))
#3 /home/www/sistema.mapasdeguatemala.com/vendor/laravel/framework/src/Illuminate/Database/Connection.php(363): Illuminate\Database\Connection->run('insert into `ma...', Array, Object(Closure))
#4 /home/www/sistema.mapasdeguatemala.com/vendor/laravel/framework/src/Illuminate/Database/Connection.php(320): Illuminate\Database\Connection->statement('insert into `ma...', Array)
#5 /home/www/sistema.mapasdeguatemala.com/vendor/laravel/framework/src/Illuminate/Database/Query/Processors/Processor.php(30): Illuminate\Database\Connection->insert('insert into `ma...', Array)
#6 /home/www/sistema.mapasdeguatemala.com/vendor/laravel/framework/src/Illuminate/Database/Query/Builder.php(1725): Illuminate\Database\Query\Processors\Processor->processInsertGetId(Object(Illuminate\Database\Query\Builder), 'insert into `ma...', Array, 'id')
#7 [internal function]: Illuminate\Database\Query\Builder->insertGetId(Array, 'id')
#8 /home/www/sistema.mapasdeguatemala.com/vendor/laravel/framework/src/Illuminate/Database/Eloquent/Builder.php(933): call_user_func_array(Array, Array)
#9 /home/www/sistema.mapasdeguatemala.com/vendor/compiled.php(10095): Illuminate\Database\Eloquent\Builder->__call('insertGetId', Array)
#10 /home/www/sistema.mapasdeguatemala.com/vendor/compiled.php(10095): Illuminate\Database\Eloquent\Builder->insertGetId(Array, 'id')
#11 /home/www/sistema.mapasdeguatemala.com/vendor/compiled.php(10085): Illuminate\Database\Eloquent\Model->insertAndSetId(Object(Illuminate\Database\Eloquent\Builder), Array)
#12 /home/www/sistema.mapasdeguatemala.com/vendor/compiled.php(10042): Illuminate\Database\Eloquent\Model->performInsert(Object(Illuminate\Database\Eloquent\Builder), Array)
#13 /home/www/sistema.mapasdeguatemala.com/app/Http/Controllers/mapaslugaresController.php(89): Illuminate\Database\Eloquent\Model->save()
#14 [internal function]: App\Http\Controllers\mapaslugaresController->store(Object(App\Http\Requests\CreatemapaslugaresRequest))
#15 /home/www/sistema.mapasdeguatemala.com/vendor/compiled.php(8558): call_user_func_array(Array, Array)
#16 /home/www/sistema.mapasdeguatemala.com/vendor/compiled.php(8626): Illuminate\Routing\Controller->callAction('store', Array)
#17 /home/www/sistema.mapasdeguatemala.com/vendor/compiled.php(8605): Illuminate\Routing\ControllerDispatcher->call(Object(App\Http\Controllers\mapaslugaresController), Object(Illuminate\Routing\Route), 'store')
#18 [internal function]: Illuminate\Routing\ControllerDispatcher->Illuminate\Routing\{closure}(Object(Illuminate\Http\Request))
#19 /home/www/sistema.mapasdeguatemala.com/vendor/compiled.php(9244): call_user_func(Object(Closure), Object(Illuminate\Http\Request))
#20 [internal function]: Illuminate\Pipeline\Pipeline->Illuminate\Pipeline\{closure}(Object(Illuminate\Http\Request))
#21 /home/www/sistema.mapasdeguatemala.com/vendor/compiled.php(9227): call_user_func(Object(Closure), Object(Illuminate\Http\Request))
#22 /home/www/sistema.mapasdeguatemala.com/vendor/compiled.php(8606): Illuminate\Pipeline\Pipeline->then(Object(Closure))
#23 /home/www/sistema.mapasdeguatemala.com/vendor/compiled.php(8592): Illuminate\Routing\ControllerDispatcher->callWithinStack(Object(App\Http\Controllers\mapaslugaresController), Object(Illuminate\Routing\Route), Object(Illuminate\Http\Request), 'store')
#24 /home/www/sistema.mapasdeguatemala.com/vendor/compiled.php(7583): Illuminate\Routing\ControllerDispatcher->dispatch(Object(Illuminate\Routing\Route), Object(Illuminate\Http\Request), 'App\\Http\\Contro...', 'store')
#25 /home/www/sistema.mapasdeguatemala.com/vendor/compiled.php(7554): Illuminate\Routing\Route->runWithCustomDispatcher(Object(Illuminate\Http\Request))
#26 /home/www/sistema.mapasdeguatemala.com/vendor/compiled.php(7219): Illuminate\Routing\Route->run(Object(Illuminate\Http\Request))
#27 [internal function]: Illuminate\Routing\Router->Illuminate\Routing\{closure}(Object(Illuminate\Http\Request))
#28 /home/www/sistema.mapasdeguatemala.com/vendor/compiled.php(9244): call_user_func(Object(Closure), Object(Illuminate\Http\Request))
#29 [internal function]: Illuminate\Pipeline\Pipeline->Illuminate\Pipeline\{closure}(Object(Illuminate\Http\Request))
#30 /home/www/sistema.mapasdeguatemala.com/vendor/compiled.php(9227): call_user_func(Object(Closure), Object(Illuminate\Http\Request))
#31 /home/www/sistema.mapasdeguatemala.com/vendor/compiled.php(7220): Illuminate\Pipeline\Pipeline->then(Object(Closure))
#32 /home/www/sistema.mapasdeguatemala.com/vendor/compiled.php(7209): Illuminate\Routing\Router->runRouteWithinStack(Object(Illuminate\Routing\Route), Object(Illuminate\Http\Request))
#33 /home/www/sistema.mapasdeguatemala.com/vendor/compiled.php(7194): Illuminate\Routing\Router->dispatchToRoute(Object(Illuminate\Http\Request))
#34 /home/www/sistema.mapasdeguatemala.com/vendor/compiled.php(2040): Illuminate\Routing\Router->dispatch(Object(Illuminate\Http\Request))
#35 [internal function]: Illuminate\Foundation\Http\Kernel->Illuminate\Foundation\Http\{closure}(Object(Illuminate\Http\Request))
#36 /home/www/sistema.mapasdeguatemala.com/vendor/compiled.php(9244): call_user_func(Object(Closure), Object(Illuminate\Http\Request))
#37 /home/www/sistema.mapasdeguatemala.com/vendor/compiled.php(2548): Illuminate\Pipeline\Pipeline->Illuminate\Pipeline\{closure}(Object(Illuminate\Http\Request))
#38 /home/www/sistema.mapasdeguatemala.com/app/Http/Middleware/VerifyCsrfToken.php(17): Illuminate\Foundation\Http\Middleware\VerifyCsrfToken->handle(Object(Illuminate\Http\Request), Object(Closure))
#39 /home/www/sistema.mapasdeguatemala.com/vendor/compiled.php(9236): App\Http\Middleware\VerifyCsrfToken->handle(Object(Illuminate\Http\Request), Object(Closure))
#40 /home/www/sistema.mapasdeguatemala.com/vendor/compiled.php(12416): Illuminate\Pipeline\Pipeline->Illuminate\Pipeline\{closure}(Object(Illuminate\Http\Request))
#41 /home/www/sistema.mapasdeguatemala.com/vendor/compiled.php(9236): Illuminate\View\Middleware\ShareErrorsFromSession->handle(Object(Illuminate\Http\Request), Object(Closure))
#42 /home/www/sistema.mapasdeguatemala.com/vendor/compiled.php(11106): Illuminate\Pipeline\Pipeline->Illuminate\Pipeline\{closure}(Object(Illuminate\Http\Request))
#43 /home/www/sistema.mapasdeguatemala.com/vendor/compiled.php(9236): Illuminate\Session\Middleware\StartSession->handle(Object(Illuminate\Http\Request), Object(Closure))
#44 /home/www/sistema.mapasdeguatemala.com/vendor/compiled.php(12118): Illuminate\Pipeline\Pipeline->Illuminate\Pipeline\{closure}(Object(Illuminate\Http\Request))
#45 /home/www/sistema.mapasdeguatemala.com/vendor/compiled.php(9236): Illuminate\Cookie\Middleware\AddQueuedCookiesToResponse->handle(Object(Illuminate\Http\Request), Object(Closure))
#46 /home/www/sistema.mapasdeguatemala.com/vendor/compiled.php(12066): Illuminate\Pipeline\Pipeline->Illuminate\Pipeline\{closure}(Object(Illuminate\Http\Request))
#47 /home/www/sistema.mapasdeguatemala.com/vendor/compiled.php(9236): Illuminate\Cookie\Middleware\EncryptCookies->handle(Object(Illuminate\Http\Request), Object(Closure))
#48 /home/www/sistema.mapasdeguatemala.com/vendor/compiled.php(2589): Illuminate\Pipeline\Pipeline->Illuminate\Pipeline\{closure}(Object(Illuminate\Http\Request))
#49 /home/www/sistema.mapasdeguatemala.com/vendor/compiled.php(9236): Illuminate\Foundation\Http\Middleware\CheckForMaintenanceMode->handle(Object(Illuminate\Http\Request), Object(Closure))
#50 [internal function]: Illuminate\Pipeline\Pipeline->Illuminate\Pipeline\{closure}(Object(Illuminate\Http\Request))
#51 /home/www/sistema.mapasdeguatemala.com/vendor/compiled.php(9227): call_user_func(Object(Closure), Object(Illuminate\Http\Request))
#52 /home/www/sistema.mapasdeguatemala.com/vendor/compiled.php(1996): Illuminate\Pipeline\Pipeline->then(Object(Closure))
#53 /home/www/sistema.mapasdeguatemala.com/vendor/compiled.php(1983): Illuminate\Foundation\Http\Kernel->sendRequestThroughRouter(Object(Illuminate\Http\Request))
#54 /home/www/sistema.mapasdeguatemala.com/public/index.php(55): Illuminate\Foundation\Http\Kernel->handle(Object(Illuminate\Http\Request))
#55 {main}

Next exception 'Illuminate\Database\QueryException' with message 'SQLSTATE[23000]: Integrity constraint violation: 1048 Column 'pais_id' cannot be null (SQL: insert into `mapaslugares` (`nombre`, `estado`, `pais_id`, `departamento_id`, `municipio_id`, `imagen`, `updated_at`, `created_at`) values (prueba, 1, , 11, 13, izabal.jpg, 2016-03-14 22:43:16, 2016-03-14 22:43:16))' in /home/www/sistema.mapasdeguatemala.com/vendor/laravel/framework/src/Illuminate/Database/Connection.php:624
Stack trace:
#0 /home/www/sistema.mapasdeguatemala.com/vendor/laravel/framework/src/Illuminate/Database/Connection.php(580): Illuminate\Database\Connection->runQueryCallback('insert into `ma...', Array, Object(Closure))
#1 /home/www/sistema.mapasdeguatemala.com/vendor/laravel/framework/src/Illuminate/Database/Connection.php(363): Illuminate\Database\Connection->run('insert into `ma...', Array, Object(Closure))
#2 /home/www/sistema.mapasdeguatemala.com/vendor/laravel/framework/src/Illuminate/Database/Connection.php(320): Illuminate\Database\Connection->statement('insert into `ma...', Array)
#3 /home/www/sistema.mapasdeguatemala.com/vendor/laravel/framework/src/Illuminate/Database/Query/Processors/Processor.php(30): Illuminate\Database\Connection->insert('insert into `ma...', Array)
#4 /home/www/sistema.mapasdeguatemala.com/vendor/laravel/framework/src/Illuminate/Database/Query/Builder.php(1725): Illuminate\Database\Query\Processors\Processor->processInsertGetId(Object(Illuminate\Database\Query\Builder), 'insert into `ma...', Array, 'id')
#5 [internal function]: Illuminate\Database\Query\Builder->insertGetId(Array, 'id')
#6 /home/www/sistema.mapasdeguatemala.com/vendor/laravel/framework/src/Illuminate/Database/Eloquent/Builder.php(933): call_user_func_array(Array, Array)
#7 /home/www/sistema.mapasdeguatemala.com/vendor/compiled.php(10095): Illuminate\Database\Eloquent\Builder->__call('insertGetId', Array)
#8 /home/www/sistema.mapasdeguatemala.com/vendor/compiled.php(10095): Illuminate\Database\Eloquent\Builder->insertGetId(Array, 'id')
#9 /home/www/sistema.mapasdeguatemala.com/vendor/compiled.php(10085): Illuminate\Database\Eloquent\Model->insertAndSetId(Object(Illuminate\Database\Eloquent\Builder), Array)
#10 /home/www/sistema.mapasdeguatemala.com/vendor/compiled.php(10042): Illuminate\Database\Eloquent\Model->performInsert(Object(Illuminate\Database\Eloquent\Builder), Array)
#11 /home/www/sistema.mapasdeguatemala.com/app/Http/Controllers/mapaslugaresController.php(89): Illuminate\Database\Eloquent\Model->save()
#12 [internal function]: App\Http\Controllers\mapaslugaresController->store(Object(App\Http\Requests\CreatemapaslugaresRequest))
#13 /home/www/sistema.mapasdeguatemala.com/vendor/compiled.php(8558): call_user_func_array(Array, Array)
#14 /home/www/sistema.mapasdeguatemala.com/vendor/compiled.php(8626): Illuminate\Routing\Controller->callAction('store', Array)
#15 /home/www/sistema.mapasdeguatemala.com/vendor/compiled.php(8605): Illuminate\Routing\ControllerDispatcher->call(Object(App\Http\Controllers\mapaslugaresController), Object(Illuminate\Routing\Route), 'store')
#16 [internal function]: Illuminate\Routing\ControllerDispatcher->Illuminate\Routing\{closure}(Object(Illuminate\Http\Request))
#17 /home/www/sistema.mapasdeguatemala.com/vendor/compiled.php(9244): call_user_func(Object(Closure), Object(Illuminate\Http\Request))
#18 [internal function]: Illuminate\Pipeline\Pipeline->Illuminate\Pipeline\{closure}(Object(Illuminate\Http\Request))
#19 /home/www/sistema.mapasdeguatemala.com/vendor/compiled.php(9227): call_user_func(Object(Closure), Object(Illuminate\Http\Request))
#20 /home/www/sistema.mapasdeguatemala.com/vendor/compiled.php(8606): Illuminate\Pipeline\Pipeline->then(Object(Closure))
#21 /home/www/sistema.mapasdeguatemala.com/vendor/compiled.php(8592): Illuminate\Routing\ControllerDispatcher->callWithinStack(Object(App\Http\Controllers\mapaslugaresController), Object(Illuminate\Routing\Route), Object(Illuminate\Http\Request), 'store')
#22 /home/www/sistema.mapasdeguatemala.com/vendor/compiled.php(7583): Illuminate\Routing\ControllerDispatcher->dispatch(Object(Illuminate\Routing\Route), Object(Illuminate\Http\Request), 'App\\Http\\Contro...', 'store')
#23 /home/www/sistema.mapasdeguatemala.com/vendor/compiled.php(7554): Illuminate\Routing\Route->runWithCustomDispatcher(Object(Illuminate\Http\Request))
#24 /home/www/sistema.mapasdeguatemala.com/vendor/compiled.php(7219): Illuminate\Routing\Route->run(Object(Illuminate\Http\Request))
#25 [internal function]: Illuminate\Routing\Router->Illuminate\Routing\{closure}(Object(Illuminate\Http\Request))
#26 /home/www/sistema.mapasdeguatemala.com/vendor/compiled.php(9244): call_user_func(Object(Closure), Object(Illuminate\Http\Request))
#27 [internal function]: Illuminate\Pipeline\Pipeline->Illuminate\Pipeline\{closure}(Object(Illuminate\Http\Request))
#28 /home/www/sistema.mapasdeguatemala.com/vendor/compiled.php(9227): call_user_func(Object(Closure), Object(Illuminate\Http\Request))
#29 /home/www/sistema.mapasdeguatemala.com/vendor/compiled.php(7220): Illuminate\Pipeline\Pipeline->then(Object(Closure))
#30 /home/www/sistema.mapasdeguatemala.com/vendor/compiled.php(7209): Illuminate\Routing\Router->runRouteWithinStack(Object(Illuminate\Routing\Route), Object(Illuminate\Http\Request))
#31 /home/www/sistema.mapasdeguatemala.com/vendor/compiled.php(7194): Illuminate\Routing\Router->dispatchToRoute(Object(Illuminate\Http\Request))
#32 /home/www/sistema.mapasdeguatemala.com/vendor/compiled.php(2040): Illuminate\Routing\Router->dispatch(Object(Illuminate\Http\Request))
#33 [internal function]: Illuminate\Foundation\Http\Kernel->Illuminate\Foundation\Http\{closure}(Object(Illuminate\Http\Request))
#34 /home/www/sistema.mapasdeguatemala.com/vendor/compiled.php(9244): call_user_func(Object(Closure), Object(Illuminate\Http\Request))
#35 /home/www/sistema.mapasdeguatemala.com/vendor/compiled.php(2548): Illuminate\Pipeline\Pipeline->Illuminate\Pipeline\{closure}(Object(Illuminate\Http\Request))
#36 /home/www/sistema.mapasdeguatemala.com/app/Http/Middleware/VerifyCsrfToken.php(17): Illuminate\Foundation\Http\Middleware\VerifyCsrfToken->handle(Object(Illuminate\Http\Request), Object(Closure))
#37 /home/www/sistema.mapasdeguatemala.com/vendor/compiled.php(9236): App\Http\Middleware\VerifyCsrfToken->handle(Object(Illuminate\Http\Request), Object(Closure))
#38 /home/www/sistema.mapasdeguatemala.com/vendor/compiled.php(12416): Illuminate\Pipeline\Pipeline->Illuminate\Pipeline\{closure}(Object(Illuminate\Http\Request))
#39 /home/www/sistema.mapasdeguatemala.com/vendor/compiled.php(9236): Illuminate\View\Middleware\ShareErrorsFromSession->handle(Object(Illuminate\Http\Request), Object(Closure))
#40 /home/www/sistema.mapasdeguatemala.com/vendor/compiled.php(11106): Illuminate\Pipeline\Pipeline->Illuminate\Pipeline\{closure}(Object(Illuminate\Http\Request))
#41 /home/www/sistema.mapasdeguatemala.com/vendor/compiled.php(9236): Illuminate\Session\Middleware\StartSession->handle(Object(Illuminate\Http\Request), Object(Closure))
#42 /home/www/sistema.mapasdeguatemala.com/vendor/compiled.php(12118): Illuminate\Pipeline\Pipeline->Illuminate\Pipeline\{closure}(Object(Illuminate\Http\Request))
#43 /home/www/sistema.mapasdeguatemala.com/vendor/compiled.php(9236): Illuminate\Cookie\Middleware\AddQueuedCookiesToResponse->handle(Object(Illuminate\Http\Request), Object(Closure))
#44 /home/www/sistema.mapasdeguatemala.com/vendor/compiled.php(12066): Illuminate\Pipeline\Pipeline->Illuminate\Pipeline\{closure}(Object(Illuminate\Http\Request))
#45 /home/www/sistema.mapasdeguatemala.com/vendor/compiled.php(9236): Illuminate\Cookie\Middleware\EncryptCookies->handle(Object(Illuminate\Http\Request), Object(Closure))
#46 /home/www/sistema.mapasdeguatemala.com/vendor/compiled.php(2589): Illuminate\Pipeline\Pipeline->Illuminate\Pipeline\{closure}(Object(Illuminate\Http\Request))
#47 /home/www/sistema.mapasdeguatemala.com/vendor/compiled.php(9236): Illuminate\Foundation\Http\Middleware\CheckForMaintenanceMode->handle(Object(Illuminate\Http\Request), Object(Closure))
#48 [internal function]: Illuminate\Pipeline\Pipeline->Illuminate\Pipeline\{closure}(Object(Illuminate\Http\Request))
#49 /home/www/sistema.mapasdeguatemala.com/vendor/compiled.php(9227): call_user_func(Object(Closure), Object(Illuminate\Http\Request))
#50 /home/www/sistema.mapasdeguatemala.com/vendor/compiled.php(1996): Illuminate\Pipeline\Pipeline->then(Object(Closure))
#51 /home/www/sistema.mapasdeguatemala.com/vendor/compiled.php(1983): Illuminate\Foundation\Http\Kernel->sendRequestThroughRouter(Object(Illuminate\Http\Request))
#52 /home/www/sistema.mapasdeguatemala.com/public/index.php(55): Illuminate\Foundation\Http\Kernel->handle(Object(Illuminate\Http\Request))
#53 {main}  
