[2016-03-10 09:34:49] local.ERROR: exception 'ErrorException' with message 'Trying to get property of non-object' in /home/www/sistema.mapasdeguatemala.com/app/Http/Controllers/anuncioController.php:40
Stack trace:
#0 /home/www/sistema.mapasdeguatemala.com/app/Http/Controllers/anuncioController.php(40): Illuminate\Foundation\Bootstrap\HandleExceptions->handleError(8, 'Trying to get p...', '/home/www/siste...', 40, Array)
#1 [internal function]: App\Http\Controllers\anuncioController->index(Object(Illuminate\Http\Request))
#2 /home/www/sistema.mapasdeguatemala.com/vendor/compiled.php(8558): call_user_func_array(Array, Array)
#3 /home/www/sistema.mapasdeguatemala.com/vendor/compiled.php(8626): Illuminate\Routing\Controller->callAction('index', Array)
#4 /home/www/sistema.mapasdeguatemala.com/vendor/compiled.php(8605): Illuminate\Routing\ControllerDispatcher->call(Object(App\Http\Controllers\anuncioController), Object(Illuminate\Routing\Route), 'index')
#5 [internal function]: Illuminate\Routing\ControllerDispatcher->Illuminate\Routing\{closure}(Object(Illuminate\Http\Request))
#6 /home/www/sistema.mapasdeguatemala.com/vendor/compiled.php(9244): call_user_func(Object(Closure), Object(Illuminate\Http\Request))
#7 [internal function]: Illuminate\Pipeline\Pipeline->Illuminate\Pipeline\{closure}(Object(Illuminate\Http\Request))
#8 /home/www/sistema.mapasdeguatemala.com/vendor/compiled.php(9227): call_user_func(Object(Closure), Object(Illuminate\Http\Request))
#9 /home/www/sistema.mapasdeguatemala.com/vendor/compiled.php(8606): Illuminate\Pipeline\Pipeline->then(Object(Closure))
#10 /home/www/sistema.mapasdeguatemala.com/vendor/compiled.php(8592): Illuminate\Routing\ControllerDispatcher->callWithinStack(Object(App\Http\Controllers\anuncioController), Object(Illuminate\Routing\Route), Object(Illuminate\Http\Request), 'index')
#11 /home/www/sistema.mapasdeguatemala.com/vendor/compiled.php(7583): Illuminate\Routing\ControllerDispatcher->dispatch(Object(Illuminate\Routing\Route), Object(Illuminate\Http\Request), 'App\\Http\\Contro...', 'index')
#12 /home/www/sistema.mapasdeguatemala.com/vendor/compiled.php(7554): Illuminate\Routing\Route->runWithCustomDispatcher(Object(Illuminate\Http\Request))
#13 /home/www/sistema.mapasdeguatemala.com/vendor/compiled.php(7219): Illuminate\Routing\Route->run(Object(Illuminate\Http\Request))
#14 [internal function]: Illuminate\Routing\Router->Illuminate\Routing\{closure}(Object(Illuminate\Http\Request))
#15 /home/www/sistema.mapasdeguatemala.com/vendor/compiled.php(9244): call_user_func(Object(Closure), Object(Illuminate\Http\Request))
#16 [internal function]: Illuminate\Pipeline\Pipeline->Illuminate\Pipeline\{closure}(Object(Illuminate\Http\Request))
#17 /home/www/sistema.mapasdeguatemala.com/vendor/compiled.php(9227): call_user_func(Object(Closure), Object(Illuminate\Http\Request))
#18 /home/www/sistema.mapasdeguatemala.com/vendor/compiled.php(7220): Illuminate\Pipeline\Pipeline->then(Object(Closure))
#19 /home/www/sistema.mapasdeguatemala.com/vendor/compiled.php(7209): Illuminate\Routing\Router->runRouteWithinStack(Object(Illuminate\Routing\Route), Object(Illuminate\Http\Request))
#20 /home/www/sistema.mapasdeguatemala.com/vendor/compiled.php(7194): Illuminate\Routing\Router->dispatchToRoute(Object(Illuminate\Http\Request))
#21 /home/www/sistema.mapasdeguatemala.com/vendor/compiled.php(2040): Illuminate\Routing\Router->dispatch(Object(Illuminate\Http\Request))
#22 [internal function]: Illuminate\Foundation\Http\Kernel->Illuminate\Foundation\Http\{closure}(Object(Illuminate\Http\Request))
#23 /home/www/sistema.mapasdeguatemala.com/vendor/compiled.php(9244): call_user_func(Object(Closure), Object(Illuminate\Http\Request))
#24 /home/www/sistema.mapasdeguatemala.com/vendor/compiled.php(2548): Illuminate\Pipeline\Pipeline->Illuminate\Pipeline\{closure}(Object(Illuminate\Http\Request))
#25 /home/www/sistema.mapasdeguatemala.com/app/Http/Middleware/VerifyCsrfToken.php(17): Illuminate\Foundation\Http\Middleware\VerifyCsrfToken->handle(Object(Illuminate\Http\Request), Object(Closure))
#26 /home/www/sistema.mapasdeguatemala.com/vendor/compiled.php(9236): App\Http\Middleware\VerifyCsrfToken->handle(Object(Illuminate\Http\Request), Object(Closure))
#27 /home/www/sistema.mapasdeguatemala.com/vendor/compiled.php(12416): Illuminate\Pipeline\Pipeline->Illuminate\Pipeline\{closure}(Object(Illuminate\Http\Request))
#28 /home/www/sistema.mapasdeguatemala.com/vendor/compiled.php(9236): Illuminate\View\Middleware\ShareErrorsFromSession->handle(Object(Illuminate\Http\Request), Object(Closure))
#29 /home/www/sistema.mapasdeguatemala.com/vendor/compiled.php(11106): Illuminate\Pipeline\Pipeline->Illuminate\Pipeline\{closure}(Object(Illuminate\Http\Request))
#30 /home/www/sistema.mapasdeguatemala.com/vendor/compiled.php(9236): Illuminate\Session\Middleware\StartSession->handle(Object(Illuminate\Http\Request), Object(Closure))
#31 /home/www/sistema.mapasdeguatemala.com/vendor/compiled.php(12118): Illuminate\Pipeline\Pipeline->Illuminate\Pipeline\{closure}(Object(Illuminate\Http\Request))
#32 /home/www/sistema.mapasdeguatemala.com/vendor/compiled.php(9236): Illuminate\Cookie\Middleware\AddQueuedCookiesToResponse->handle(Object(Illuminate\Http\Request), Object(Closure))
#33 /home/www/sistema.mapasdeguatemala.com/vendor/compiled.php(12066): Illuminate\Pipeline\Pipeline->Illuminate\Pipeline\{closure}(Object(Illuminate\Http\Request))
#34 /home/www/sistema.mapasdeguatemala.com/vendor/compiled.php(9236): Illuminate\Cookie\Middleware\EncryptCookies->handle(Object(Illuminate\Http\Request), Object(Closure))
#35 /home/www/sistema.mapasdeguatemala.com/vendor/compiled.php(2589): Illuminate\Pipeline\Pipeline->Illuminate\Pipeline\{closure}(Object(Illuminate\Http\Request))
#36 /home/www/sistema.mapasdeguatemala.com/vendor/compiled.php(9236): Illuminate\Foundation\Http\Middleware\CheckForMaintenanceMode->handle(Object(Illuminate\Http\Request), Object(Closure))
#37 [internal function]: Illuminate\Pipeline\Pipeline->Illuminate\Pipeline\{closure}(Object(Illuminate\Http\Request))
#38 /home/www/sistema.mapasdeguatemala.com/vendor/compiled.php(9227): call_user_func(Object(Closure), Object(Illuminate\Http\Request))
#39 /home/www/sistema.mapasdeguatemala.com/vendor/compiled.php(1996): Illuminate\Pipeline\Pipeline->then(Object(Closure))
#40 /home/www/sistema.mapasdeguatemala.com/vendor/compiled.php(1983): Illuminate\Foundation\Http\Kernel->sendRequestThroughRouter(Object(Illuminate\Http\Request))
#41 /home/www/sistema.mapasdeguatemala.com/public/index.php(55): Illuminate\Foundation\Http\Kernel->handle(Object(Illuminate\Http\Request))
#42 {main}  
